<?xml version="1.0" encoding="utf-8" standalone="no"?>
<test-results xmlns:xsi="http://www.w3.org/2001/XMLSchema-instance" xsi:noNamespaceSchemaLocation="nunit_schema_2.5.xsd" name="Pester" total="1427" errors="0" failures="0" not-run="5" inconclusive="0" ignored="0" skipped="3" invalid="0" date="2024-10-07" time="08:43:28">
  <environment clr-version="4.0.30319.42000" user-domain="BATTLESTATION" cwd="C:\Celerium\Projects\_API\ITGlue-PowerShellWrapper" platform="Microsoft Windows 11 Pro|C:\WINDOWS|\Device\Harddisk0\Partition3" machine-name="BATTLESTATION" nunit-version="2.5.8.0" os-version="10.0.22631" user="David" />
  <culture-info current-culture="en-US" current-uiculture="en-US" />
  <test-suite type="TestFixture" name="Pester" executed="True" result="Ignored" success="True" time="29.0899" asserts="0" description="Pester">
    <results>
      <test-suite type="TestFixture" name="C:\Celerium\Projects\_API\ITGlue-PowerShellWrapper\tests\HelpComment.Tests.ps1" executed="True" result="Ignored" success="True" time="15.8039" asserts="0" description="C:\Celerium\Projects\_API\ITGlue-PowerShellWrapper\tests\HelpComment.Tests.ps1">
        <results>
          <test-suite type="TestFixture" name="Testing the [ built ] version of [ ITGlueAPI ] with [ HelpComment.Tests.ps1 ]" executed="True" result="Ignored" success="True" time="4.5291" asserts="0" description="Testing the [ built ] version of [ ITGlueAPI ] with [ HelpComment.Tests.ps1 ]">
            <results>
              <test-suite type="TestFixture" name="Testing the [ built ] version of [ ITGlueAPI ] with [ HelpComment.Tests.ps1 ].[ ITGlueAPI ] module help tests" executed="True" result="Success" success="True" time="0.0392" asserts="0" description="Testing the [ built ] version of [ ITGlueAPI ] with [ HelpComment.Tests.ps1 ].[ ITGlueAPI ] module help tests">
                <results>
                  <test-suite type="TestFixture" name="Testing the [ built ] version of [ ITGlueAPI ] with [ HelpComment.Tests.ps1 ].[ ITGlueAPI ] module help tests.[ Add-ITGlueAPIKey ]" executed="True" result="Success" success="True" time="0.0355" asserts="0" description="Testing the [ built ] version of [ ITGlueAPI ] with [ HelpComment.Tests.ps1 ].[ ITGlueAPI ] module help tests.[ Add-ITGlueAPIKey ]">
                    <results>
                      <test-case description="[ Add-ITGlueAPIKey ] contains comment based help" name="Testing the [ built ] version of [ ITGlueAPI ] with [ HelpComment.Tests.ps1 ].[ ITGlueAPI ] module help tests.[ Add-ITGlueAPIKey ].[ Add-ITGlueAPIKey ] contains comment based help" time="0.006" asserts="0" success="True" result="Success" executed="True" />
                      <test-case description="[ Add-ITGlueAPIKey ] contains a synopsis" name="Testing the [ built ] version of [ ITGlueAPI ] with [ HelpComment.Tests.ps1 ].[ ITGlueAPI ] module help tests.[ Add-ITGlueAPIKey ].[ Add-ITGlueAPIKey ] contains a synopsis" time="0.0021" asserts="0" success="True" result="Success" executed="True" />
                      <test-case description="[ Add-ITGlueAPIKey ] contains a description" name="Testing the [ built ] version of [ ITGlueAPI ] with [ HelpComment.Tests.ps1 ].[ ITGlueAPI ] module help tests.[ Add-ITGlueAPIKey ].[ Add-ITGlueAPIKey ] contains a description" time="0.0029" asserts="0" success="True" result="Success" executed="True" />
                      <test-case description="[ Add-ITGlueAPIKey ] contains at least one usage example" name="Testing the [ built ] version of [ ITGlueAPI ] with [ HelpComment.Tests.ps1 ].[ ITGlueAPI ] module help tests.[ Add-ITGlueAPIKey ].[ Add-ITGlueAPIKey ] contains at least one usage example" time="0.0037" asserts="0" success="True" result="Success" executed="True" />
                      <test-case description="[ Add-ITGlueAPIKey ] contains a note" name="Testing the [ built ] version of [ ITGlueAPI ] with [ HelpComment.Tests.ps1 ].[ ITGlueAPI ] module help tests.[ Add-ITGlueAPIKey ].[ Add-ITGlueAPIKey ] contains a note" time="0.0022" asserts="0" success="True" result="Success" executed="True" />
                      <test-case description="[ Add-ITGlueAPIKey ] contains a link" name="Testing the [ built ] version of [ ITGlueAPI ] with [ HelpComment.Tests.ps1 ].[ ITGlueAPI ] module help tests.[ Add-ITGlueAPIKey ].[ Add-ITGlueAPIKey ] contains a link" time="0.0028" asserts="0" success="True" result="Success" executed="True" />
                      <test-suite type="ParameterizedTest" name="Testing the [ built ] version of [ ITGlueAPI ] with [ HelpComment.Tests.ps1 ].[ ITGlueAPI ] module help tests.[ Add-ITGlueAPIKey ].[ Add-ITGlueAPIKey ] - Parameter has a description - [ &lt;_.name&gt; ]" executed="True" result="Success" success="True" time="0.0027" asserts="0" description="[ Add-ITGlueAPIKey ] - Parameter has a description - [ &lt;_.name&gt; ]">
                        <results>
                          <test-case description="[ Add-ITGlueAPIKey ] - Parameter has a description - [ ApiKey ]" name="Testing the [ built ] version of [ ITGlueAPI ] with [ HelpComment.Tests.ps1 ].[ ITGlueAPI ] module help tests.[ Add-ITGlueAPIKey ].[ Add-ITGlueAPIKey ] - Parameter has a description - [ ApiKey ]" time="0.0027" asserts="0" success="True" result="Success" executed="True" />
                        </results>
                      </test-suite>
                      <test-suite type="ParameterizedTest" name="Testing the [ built ] version of [ ITGlueAPI ] with [ HelpComment.Tests.ps1 ].[ ITGlueAPI ] module help tests.[ Add-ITGlueAPIKey ].[ Add-ITGlueAPIKey ] - Example has example code &amp; description   - [ &lt;_.title -replace '-'.''&gt; ]" executed="True" result="Success" success="True" time="0.0081" asserts="0" description="[ Add-ITGlueAPIKey ] - Example has example code &amp; description   - [ &lt;_.title -replace '-'.''&gt; ]">
                        <results>
                          <test-case description="[ Add-ITGlueAPIKey ] - Example has example code &amp; description   - [  EXAMPLE 1  ]" name="Testing the [ built ] version of [ ITGlueAPI ] with [ HelpComment.Tests.ps1 ].[ ITGlueAPI ] module help tests.[ Add-ITGlueAPIKey ].[ Add-ITGlueAPIKey ] - Example has example code &amp; description   - [  EXAMPLE 1  ]" time="0.0027" asserts="0" success="True" result="Success" executed="True" />
                          <test-case description="[ Add-ITGlueAPIKey ] - Example has example code &amp; description   - [  EXAMPLE 2  ]" name="Testing the [ built ] version of [ ITGlueAPI ] with [ HelpComment.Tests.ps1 ].[ ITGlueAPI ] module help tests.[ Add-ITGlueAPIKey ].[ Add-ITGlueAPIKey ] - Example has example code &amp; description   - [  EXAMPLE 2  ]" time="0.0027" asserts="0" success="True" result="Success" executed="True" />
                          <test-case description="[ Add-ITGlueAPIKey ] - Example has example code &amp; description   - [  EXAMPLE 3  ]" name="Testing the [ built ] version of [ ITGlueAPI ] with [ HelpComment.Tests.ps1 ].[ ITGlueAPI ] module help tests.[ Add-ITGlueAPIKey ].[ Add-ITGlueAPIKey ] - Example has example code &amp; description   - [  EXAMPLE 3  ]" time="0.0027" asserts="0" success="True" result="Success" executed="True" />
                        </results>
                      </test-suite>
                    </results>
                  </test-suite>
                </results>
              </test-suite>
              <test-suite type="TestFixture" name="Testing the [ built ] version of [ ITGlueAPI ] with [ HelpComment.Tests.ps1 ].[ ITGlueAPI ] module help tests" executed="True" result="Success" success="True" time="0.0759" asserts="0" description="Testing the [ built ] version of [ ITGlueAPI ] with [ HelpComment.Tests.ps1 ].[ ITGlueAPI ] module help tests">
                <results>
                  <test-suite type="TestFixture" name="Testing the [ built ] version of [ ITGlueAPI ] with [ HelpComment.Tests.ps1 ].[ ITGlueAPI ] module help tests.[ Add-ITGlueBaseURI ]" executed="True" result="Success" success="True" time="0.0329" asserts="0" description="Testing the [ built ] version of [ ITGlueAPI ] with [ HelpComment.Tests.ps1 ].[ ITGlueAPI ] module help tests.[ Add-ITGlueBaseURI ]">
                    <results>
                      <test-case description="[ Add-ITGlueBaseURI ] contains comment based help" name="Testing the [ built ] version of [ ITGlueAPI ] with [ HelpComment.Tests.ps1 ].[ ITGlueAPI ] module help tests.[ Add-ITGlueBaseURI ].[ Add-ITGlueBaseURI ] contains comment based help" time="0.0024" asserts="0" success="True" result="Success" executed="True" />
                      <test-case description="[ Add-ITGlueBaseURI ] contains a synopsis" name="Testing the [ built ] version of [ ITGlueAPI ] with [ HelpComment.Tests.ps1 ].[ ITGlueAPI ] module help tests.[ Add-ITGlueBaseURI ].[ Add-ITGlueBaseURI ] contains a synopsis" time="0.002" asserts="0" success="True" result="Success" executed="True" />
                      <test-case description="[ Add-ITGlueBaseURI ] contains a description" name="Testing the [ built ] version of [ ITGlueAPI ] with [ HelpComment.Tests.ps1 ].[ ITGlueAPI ] module help tests.[ Add-ITGlueBaseURI ].[ Add-ITGlueBaseURI ] contains a description" time="0.002" asserts="0" success="True" result="Success" executed="True" />
                      <test-case description="[ Add-ITGlueBaseURI ] contains at least one usage example" name="Testing the [ built ] version of [ ITGlueAPI ] with [ HelpComment.Tests.ps1 ].[ ITGlueAPI ] module help tests.[ Add-ITGlueBaseURI ].[ Add-ITGlueBaseURI ] contains at least one usage example" time="0.0027" asserts="0" success="True" result="Success" executed="True" />
                      <test-case description="[ Add-ITGlueBaseURI ] contains a note" name="Testing the [ built ] version of [ ITGlueAPI ] with [ HelpComment.Tests.ps1 ].[ ITGlueAPI ] module help tests.[ Add-ITGlueBaseURI ].[ Add-ITGlueBaseURI ] contains a note" time="0.0021" asserts="0" success="True" result="Success" executed="True" />
                      <test-case description="[ Add-ITGlueBaseURI ] contains a link" name="Testing the [ built ] version of [ ITGlueAPI ] with [ HelpComment.Tests.ps1 ].[ ITGlueAPI ] module help tests.[ Add-ITGlueBaseURI ].[ Add-ITGlueBaseURI ] contains a link" time="0.002" asserts="0" success="True" result="Success" executed="True" />
                      <test-suite type="ParameterizedTest" name="Testing the [ built ] version of [ ITGlueAPI ] with [ HelpComment.Tests.ps1 ].[ ITGlueAPI ] module help tests.[ Add-ITGlueBaseURI ].[ Add-ITGlueBaseURI ] - Parameter has a description - [ &lt;_.name&gt; ]" executed="True" result="Success" success="True" time="0.0043" asserts="0" description="[ Add-ITGlueBaseURI ] - Parameter has a description - [ &lt;_.name&gt; ]">
                        <results>
                          <test-case description="[ Add-ITGlueBaseURI ] - Parameter has a description - [ BaseUri ]" name="Testing the [ built ] version of [ ITGlueAPI ] with [ HelpComment.Tests.ps1 ].[ ITGlueAPI ] module help tests.[ Add-ITGlueBaseURI ].[ Add-ITGlueBaseURI ] - Parameter has a description - [ BaseUri ]" time="0.0022" asserts="0" success="True" result="Success" executed="True" />
                          <test-case description="[ Add-ITGlueBaseURI ] - Parameter has a description - [ DataCenter ]" name="Testing the [ built ] version of [ ITGlueAPI ] with [ HelpComment.Tests.ps1 ].[ ITGlueAPI ] module help tests.[ Add-ITGlueBaseURI ].[ Add-ITGlueBaseURI ] - Parameter has a description - [ DataCenter ]" time="0.0022" asserts="0" success="True" result="Success" executed="True" />
                        </results>
                      </test-suite>
                      <test-suite type="ParameterizedTest" name="Testing the [ built ] version of [ ITGlueAPI ] with [ HelpComment.Tests.ps1 ].[ ITGlueAPI ] module help tests.[ Add-ITGlueBaseURI ].[ Add-ITGlueBaseURI ] - Example has example code &amp; description   - [ &lt;_.title -replace '-'.''&gt; ]" executed="True" result="Success" success="True" time="0.0106" asserts="0" description="[ Add-ITGlueBaseURI ] - Example has example code &amp; description   - [ &lt;_.title -replace '-'.''&gt; ]">
                        <results>
                          <test-case description="[ Add-ITGlueBaseURI ] - Example has example code &amp; description   - [  EXAMPLE 1  ]" name="Testing the [ built ] version of [ ITGlueAPI ] with [ HelpComment.Tests.ps1 ].[ ITGlueAPI ] module help tests.[ Add-ITGlueBaseURI ].[ Add-ITGlueBaseURI ] - Example has example code &amp; description   - [  EXAMPLE 1  ]" time="0.0026" asserts="0" success="True" result="Success" executed="True" />
                          <test-case description="[ Add-ITGlueBaseURI ] - Example has example code &amp; description   - [  EXAMPLE 2  ]" name="Testing the [ built ] version of [ ITGlueAPI ] with [ HelpComment.Tests.ps1 ].[ ITGlueAPI ] module help tests.[ Add-ITGlueBaseURI ].[ Add-ITGlueBaseURI ] - Example has example code &amp; description   - [  EXAMPLE 2  ]" time="0.0026" asserts="0" success="True" result="Success" executed="True" />
                          <test-case description="[ Add-ITGlueBaseURI ] - Example has example code &amp; description   - [  EXAMPLE 3  ]" name="Testing the [ built ] version of [ ITGlueAPI ] with [ HelpComment.Tests.ps1 ].[ ITGlueAPI ] module help tests.[ Add-ITGlueBaseURI ].[ Add-ITGlueBaseURI ] - Example has example code &amp; description   - [  EXAMPLE 3  ]" time="0.0026" asserts="0" success="True" result="Success" executed="True" />
                          <test-case description="[ Add-ITGlueBaseURI ] - Example has example code &amp; description   - [  EXAMPLE 4  ]" name="Testing the [ built ] version of [ ITGlueAPI ] with [ HelpComment.Tests.ps1 ].[ ITGlueAPI ] module help tests.[ Add-ITGlueBaseURI ].[ Add-ITGlueBaseURI ] - Example has example code &amp; description   - [  EXAMPLE 4  ]" time="0.0026" asserts="0" success="True" result="Success" executed="True" />
                        </results>
                      </test-suite>
                    </results>
                  </test-suite>
                </results>
              </test-suite>
              <test-suite type="TestFixture" name="Testing the [ built ] version of [ ITGlueAPI ] with [ HelpComment.Tests.ps1 ].[ ITGlueAPI ] module help tests" executed="True" result="Success" success="True" time="0.1055" asserts="0" description="Testing the [ built ] version of [ ITGlueAPI ] with [ HelpComment.Tests.ps1 ].[ ITGlueAPI ] module help tests">
                <results>
                  <test-suite type="TestFixture" name="Testing the [ built ] version of [ ITGlueAPI ] with [ HelpComment.Tests.ps1 ].[ ITGlueAPI ] module help tests.[ ConvertTo-ITGlueQueryString ]" executed="True" result="Success" success="True" time="0.0256" asserts="0" description="Testing the [ built ] version of [ ITGlueAPI ] with [ HelpComment.Tests.ps1 ].[ ITGlueAPI ] module help tests.[ ConvertTo-ITGlueQueryString ]">
                    <results>
                      <test-case description="[ ConvertTo-ITGlueQueryString ] contains comment based help" name="Testing the [ built ] version of [ ITGlueAPI ] with [ HelpComment.Tests.ps1 ].[ ITGlueAPI ] module help tests.[ ConvertTo-ITGlueQueryString ].[ ConvertTo-ITGlueQueryString ] contains comment based help" time="0.0028" asserts="0" success="True" result="Success" executed="True" />
                      <test-case description="[ ConvertTo-ITGlueQueryString ] contains a synopsis" name="Testing the [ built ] version of [ ITGlueAPI ] with [ HelpComment.Tests.ps1 ].[ ITGlueAPI ] module help tests.[ ConvertTo-ITGlueQueryString ].[ ConvertTo-ITGlueQueryString ] contains a synopsis" time="0.0024" asserts="0" success="True" result="Success" executed="True" />
                      <test-case description="[ ConvertTo-ITGlueQueryString ] contains a description" name="Testing the [ built ] version of [ ITGlueAPI ] with [ HelpComment.Tests.ps1 ].[ ITGlueAPI ] module help tests.[ ConvertTo-ITGlueQueryString ].[ ConvertTo-ITGlueQueryString ] contains a description" time="0.0024" asserts="0" success="True" result="Success" executed="True" />
                      <test-case description="[ ConvertTo-ITGlueQueryString ] contains at least one usage example" name="Testing the [ built ] version of [ ITGlueAPI ] with [ HelpComment.Tests.ps1 ].[ ITGlueAPI ] module help tests.[ ConvertTo-ITGlueQueryString ].[ ConvertTo-ITGlueQueryString ] contains at least one usage example" time="0.003" asserts="0" success="True" result="Success" executed="True" />
                      <test-case description="[ ConvertTo-ITGlueQueryString ] contains a note" name="Testing the [ built ] version of [ ITGlueAPI ] with [ HelpComment.Tests.ps1 ].[ ITGlueAPI ] module help tests.[ ConvertTo-ITGlueQueryString ].[ ConvertTo-ITGlueQueryString ] contains a note" time="0.0024" asserts="0" success="True" result="Success" executed="True" />
                      <test-case description="[ ConvertTo-ITGlueQueryString ] contains a link" name="Testing the [ built ] version of [ ITGlueAPI ] with [ HelpComment.Tests.ps1 ].[ ITGlueAPI ] module help tests.[ ConvertTo-ITGlueQueryString ].[ ConvertTo-ITGlueQueryString ] contains a link" time="0.0023" asserts="0" success="True" result="Success" executed="True" />
                      <test-suite type="ParameterizedTest" name="Testing the [ built ] version of [ ITGlueAPI ] with [ HelpComment.Tests.ps1 ].[ ITGlueAPI ] module help tests.[ ConvertTo-ITGlueQueryString ].[ ConvertTo-ITGlueQueryString ] - Parameter has a description - [ &lt;_.name&gt; ]" executed="True" result="Success" success="True" time="0.0025" asserts="0" description="[ ConvertTo-ITGlueQueryString ] - Parameter has a description - [ &lt;_.name&gt; ]">
                        <results>
                          <test-case description="[ ConvertTo-ITGlueQueryString ] - Parameter has a description - [ QueryParams ]" name="Testing the [ built ] version of [ ITGlueAPI ] with [ HelpComment.Tests.ps1 ].[ ITGlueAPI ] module help tests.[ ConvertTo-ITGlueQueryString ].[ ConvertTo-ITGlueQueryString ] - Parameter has a description - [ QueryParams ]" time="0.0025" asserts="0" success="True" result="Success" executed="True" />
                        </results>
                      </test-suite>
                      <test-suite type="ParameterizedTest" name="Testing the [ built ] version of [ ITGlueAPI ] with [ HelpComment.Tests.ps1 ].[ ITGlueAPI ] module help tests.[ ConvertTo-ITGlueQueryString ].[ ConvertTo-ITGlueQueryString ] - Example has example code &amp; description   - [ &lt;_.title -replace '-'.''&gt; ]" executed="True" result="Success" success="True" time="0.0031" asserts="0" description="[ ConvertTo-ITGlueQueryString ] - Example has example code &amp; description   - [ &lt;_.title -replace '-'.''&gt; ]">
                        <results>
                          <test-case description="[ ConvertTo-ITGlueQueryString ] - Example has example code &amp; description   - [  EXAMPLE 1  ]" name="Testing the [ built ] version of [ ITGlueAPI ] with [ HelpComment.Tests.ps1 ].[ ITGlueAPI ] module help tests.[ ConvertTo-ITGlueQueryString ].[ ConvertTo-ITGlueQueryString ] - Example has example code &amp; description   - [  EXAMPLE 1  ]" time="0.0031" asserts="0" success="True" result="Success" executed="True" />
                        </results>
                      </test-suite>
                    </results>
                  </test-suite>
                </results>
              </test-suite>
              <test-suite type="TestFixture" name="Testing the [ built ] version of [ ITGlueAPI ] with [ HelpComment.Tests.ps1 ].[ ITGlueAPI ] module help tests" executed="True" result="Success" success="True" time="0.1518" asserts="0" description="Testing the [ built ] version of [ ITGlueAPI ] with [ HelpComment.Tests.ps1 ].[ ITGlueAPI ] module help tests">
                <results>
                  <test-suite type="TestFixture" name="Testing the [ built ] version of [ ITGlueAPI ] with [ HelpComment.Tests.ps1 ].[ ITGlueAPI ] module help tests.[ Export-ITGlueModuleSetting ]" executed="True" result="Success" success="True" time="0.0426" asserts="0" description="Testing the [ built ] version of [ ITGlueAPI ] with [ HelpComment.Tests.ps1 ].[ ITGlueAPI ] module help tests.[ Export-ITGlueModuleSetting ]">
                    <results>
                      <test-case description="[ Export-ITGlueModuleSetting ] contains comment based help" name="Testing the [ built ] version of [ ITGlueAPI ] with [ HelpComment.Tests.ps1 ].[ ITGlueAPI ] module help tests.[ Export-ITGlueModuleSetting ].[ Export-ITGlueModuleSetting ] contains comment based help" time="0.0026" asserts="0" success="True" result="Success" executed="True" />
                      <test-case description="[ Export-ITGlueModuleSetting ] contains a synopsis" name="Testing the [ built ] version of [ ITGlueAPI ] with [ HelpComment.Tests.ps1 ].[ ITGlueAPI ] module help tests.[ Export-ITGlueModuleSetting ].[ Export-ITGlueModuleSetting ] contains a synopsis" time="0.0023" asserts="0" success="True" result="Success" executed="True" />
                      <test-case description="[ Export-ITGlueModuleSetting ] contains a description" name="Testing the [ built ] version of [ ITGlueAPI ] with [ HelpComment.Tests.ps1 ].[ ITGlueAPI ] module help tests.[ Export-ITGlueModuleSetting ].[ Export-ITGlueModuleSetting ] contains a description" time="0.0023" asserts="0" success="True" result="Success" executed="True" />
                      <test-case description="[ Export-ITGlueModuleSetting ] contains at least one usage example" name="Testing the [ built ] version of [ ITGlueAPI ] with [ HelpComment.Tests.ps1 ].[ ITGlueAPI ] module help tests.[ Export-ITGlueModuleSetting ].[ Export-ITGlueModuleSetting ] contains at least one usage example" time="0.0029" asserts="0" success="True" result="Success" executed="True" />
                      <test-case description="[ Export-ITGlueModuleSetting ] contains a note" name="Testing the [ built ] version of [ ITGlueAPI ] with [ HelpComment.Tests.ps1 ].[ ITGlueAPI ] module help tests.[ Export-ITGlueModuleSetting ].[ Export-ITGlueModuleSetting ] contains a note" time="0.0023" asserts="0" success="True" result="Success" executed="True" />
                      <test-case description="[ Export-ITGlueModuleSetting ] contains a link" name="Testing the [ built ] version of [ ITGlueAPI ] with [ HelpComment.Tests.ps1 ].[ ITGlueAPI ] module help tests.[ Export-ITGlueModuleSetting ].[ Export-ITGlueModuleSetting ] contains a link" time="0.0023" asserts="0" success="True" result="Success" executed="True" />
                      <test-suite type="ParameterizedTest" name="Testing the [ built ] version of [ ITGlueAPI ] with [ HelpComment.Tests.ps1 ].[ ITGlueAPI ] module help tests.[ Export-ITGlueModuleSetting ].[ Export-ITGlueModuleSetting ] - Parameter has a description - [ &lt;_.name&gt; ]" executed="True" result="Success" success="True" time="0.0054" asserts="0" description="[ Export-ITGlueModuleSetting ] - Parameter has a description - [ &lt;_.name&gt; ]">
                        <results>
                          <test-case description="[ Export-ITGlueModuleSetting ] - Parameter has a description - [ ITGlueConfigPath ]" name="Testing the [ built ] version of [ ITGlueAPI ] with [ HelpComment.Tests.ps1 ].[ ITGlueAPI ] module help tests.[ Export-ITGlueModuleSetting ].[ Export-ITGlueModuleSetting ] - Parameter has a description - [ ITGlueConfigPath ]" time="0.0029" asserts="0" success="True" result="Success" executed="True" />
                          <test-case description="[ Export-ITGlueModuleSetting ] - Parameter has a description - [ ITGlueConfigFile ]" name="Testing the [ built ] version of [ ITGlueAPI ] with [ HelpComment.Tests.ps1 ].[ ITGlueAPI ] module help tests.[ Export-ITGlueModuleSetting ].[ Export-ITGlueModuleSetting ] - Parameter has a description - [ ITGlueConfigFile ]" time="0.0025" asserts="0" success="True" result="Success" executed="True" />
                        </results>
                      </test-suite>
                      <test-suite type="ParameterizedTest" name="Testing the [ built ] version of [ ITGlueAPI ] with [ HelpComment.Tests.ps1 ].[ ITGlueAPI ] module help tests.[ Export-ITGlueModuleSetting ].[ Export-ITGlueModuleSetting ] - Example has example code &amp; description   - [ &lt;_.title -replace '-'.''&gt; ]" executed="True" result="Success" success="True" time="0.0177" asserts="0" description="[ Export-ITGlueModuleSetting ] - Example has example code &amp; description   - [ &lt;_.title -replace '-'.''&gt; ]">
                        <results>
                          <test-case description="[ Export-ITGlueModuleSetting ] - Example has example code &amp; description   - [  EXAMPLE 1  ]" name="Testing the [ built ] version of [ ITGlueAPI ] with [ HelpComment.Tests.ps1 ].[ ITGlueAPI ] module help tests.[ Export-ITGlueModuleSetting ].[ Export-ITGlueModuleSetting ] - Example has example code &amp; description   - [  EXAMPLE 1  ]" time="0.015" asserts="0" success="True" result="Success" executed="True" />
                          <test-case description="[ Export-ITGlueModuleSetting ] - Example has example code &amp; description   - [  EXAMPLE 2  ]" name="Testing the [ built ] version of [ ITGlueAPI ] with [ HelpComment.Tests.ps1 ].[ ITGlueAPI ] module help tests.[ Export-ITGlueModuleSetting ].[ Export-ITGlueModuleSetting ] - Example has example code &amp; description   - [  EXAMPLE 2  ]" time="0.0028" asserts="0" success="True" result="Success" executed="True" />
                        </results>
                      </test-suite>
                    </results>
                  </test-suite>
                </results>
              </test-suite>
              <test-suite type="TestFixture" name="Testing the [ built ] version of [ ITGlueAPI ] with [ HelpComment.Tests.ps1 ].[ ITGlueAPI ] module help tests" executed="True" result="Success" success="True" time="0.2583" asserts="0" description="Testing the [ built ] version of [ ITGlueAPI ] with [ HelpComment.Tests.ps1 ].[ ITGlueAPI ] module help tests">
                <results>
                  <test-suite type="TestFixture" name="Testing the [ built ] version of [ ITGlueAPI ] with [ HelpComment.Tests.ps1 ].[ ITGlueAPI ] module help tests.[ Get-ITGlueAPIKey ]" executed="True" result="Success" success="True" time="0.103" asserts="0" description="Testing the [ built ] version of [ ITGlueAPI ] with [ HelpComment.Tests.ps1 ].[ ITGlueAPI ] module help tests.[ Get-ITGlueAPIKey ]">
                    <results>
                      <test-case description="[ Get-ITGlueAPIKey ] contains comment based help" name="Testing the [ built ] version of [ ITGlueAPI ] with [ HelpComment.Tests.ps1 ].[ ITGlueAPI ] module help tests.[ Get-ITGlueAPIKey ].[ Get-ITGlueAPIKey ] contains comment based help" time="0.0023" asserts="0" success="True" result="Success" executed="True" />
                      <test-case description="[ Get-ITGlueAPIKey ] contains a synopsis" name="Testing the [ built ] version of [ ITGlueAPI ] with [ HelpComment.Tests.ps1 ].[ ITGlueAPI ] module help tests.[ Get-ITGlueAPIKey ].[ Get-ITGlueAPIKey ] contains a synopsis" time="0.002" asserts="0" success="True" result="Success" executed="True" />
                      <test-case description="[ Get-ITGlueAPIKey ] contains a description" name="Testing the [ built ] version of [ ITGlueAPI ] with [ HelpComment.Tests.ps1 ].[ ITGlueAPI ] module help tests.[ Get-ITGlueAPIKey ].[ Get-ITGlueAPIKey ] contains a description" time="0.002" asserts="0" success="True" result="Success" executed="True" />
                      <test-case description="[ Get-ITGlueAPIKey ] contains at least one usage example" name="Testing the [ built ] version of [ ITGlueAPI ] with [ HelpComment.Tests.ps1 ].[ ITGlueAPI ] module help tests.[ Get-ITGlueAPIKey ].[ Get-ITGlueAPIKey ] contains at least one usage example" time="0.0025" asserts="0" success="True" result="Success" executed="True" />
                      <test-case description="[ Get-ITGlueAPIKey ] contains a note" name="Testing the [ built ] version of [ ITGlueAPI ] with [ HelpComment.Tests.ps1 ].[ ITGlueAPI ] module help tests.[ Get-ITGlueAPIKey ].[ Get-ITGlueAPIKey ] contains a note" time="0.002" asserts="0" success="True" result="Success" executed="True" />
                      <test-case description="[ Get-ITGlueAPIKey ] contains a link" name="Testing the [ built ] version of [ ITGlueAPI ] with [ HelpComment.Tests.ps1 ].[ ITGlueAPI ] module help tests.[ Get-ITGlueAPIKey ].[ Get-ITGlueAPIKey ] contains a link" time="0.0799" asserts="0" success="True" result="Success" executed="True" />
                      <test-suite type="ParameterizedTest" name="Testing the [ built ] version of [ ITGlueAPI ] with [ HelpComment.Tests.ps1 ].[ ITGlueAPI ] module help tests.[ Get-ITGlueAPIKey ].[ Get-ITGlueAPIKey ] - Parameter has a description - [ &lt;_.name&gt; ]" executed="True" result="Success" success="True" time="0.0025" asserts="0" description="[ Get-ITGlueAPIKey ] - Parameter has a description - [ &lt;_.name&gt; ]">
                        <results>
                          <test-case description="[ Get-ITGlueAPIKey ] - Parameter has a description - [ PlainText ]" name="Testing the [ built ] version of [ ITGlueAPI ] with [ HelpComment.Tests.ps1 ].[ ITGlueAPI ] module help tests.[ Get-ITGlueAPIKey ].[ Get-ITGlueAPIKey ] - Parameter has a description - [ PlainText ]" time="0.0025" asserts="0" success="True" result="Success" executed="True" />
                        </results>
                      </test-suite>
                      <test-suite type="ParameterizedTest" name="Testing the [ built ] version of [ ITGlueAPI ] with [ HelpComment.Tests.ps1 ].[ ITGlueAPI ] module help tests.[ Get-ITGlueAPIKey ].[ Get-ITGlueAPIKey ] - Example has example code &amp; description   - [ &lt;_.title -replace '-'.''&gt; ]" executed="True" result="Success" success="True" time="0.0053" asserts="0" description="[ Get-ITGlueAPIKey ] - Example has example code &amp; description   - [ &lt;_.title -replace '-'.''&gt; ]">
                        <results>
                          <test-case description="[ Get-ITGlueAPIKey ] - Example has example code &amp; description   - [  EXAMPLE 1  ]" name="Testing the [ built ] version of [ ITGlueAPI ] with [ HelpComment.Tests.ps1 ].[ ITGlueAPI ] module help tests.[ Get-ITGlueAPIKey ].[ Get-ITGlueAPIKey ] - Example has example code &amp; description   - [  EXAMPLE 1  ]" time="0.0027" asserts="0" success="True" result="Success" executed="True" />
                          <test-case description="[ Get-ITGlueAPIKey ] - Example has example code &amp; description   - [  EXAMPLE 2  ]" name="Testing the [ built ] version of [ ITGlueAPI ] with [ HelpComment.Tests.ps1 ].[ ITGlueAPI ] module help tests.[ Get-ITGlueAPIKey ].[ Get-ITGlueAPIKey ] - Example has example code &amp; description   - [  EXAMPLE 2  ]" time="0.0027" asserts="0" success="True" result="Success" executed="True" />
                        </results>
                      </test-suite>
                    </results>
                  </test-suite>
                </results>
              </test-suite>
              <test-suite type="TestFixture" name="Testing the [ built ] version of [ ITGlueAPI ] with [ HelpComment.Tests.ps1 ].[ ITGlueAPI ] module help tests" executed="True" result="Ignored" success="True" time="0.2926" asserts="0" description="Testing the [ built ] version of [ ITGlueAPI ] with [ HelpComment.Tests.ps1 ].[ ITGlueAPI ] module help tests">
                <results>
                  <test-suite type="TestFixture" name="Testing the [ built ] version of [ ITGlueAPI ] with [ HelpComment.Tests.ps1 ].[ ITGlueAPI ] module help tests.[ Get-ITGlueBaseURI ]" executed="True" result="Ignored" success="True" time="0.0307" asserts="0" description="Testing the [ built ] version of [ ITGlueAPI ] with [ HelpComment.Tests.ps1 ].[ ITGlueAPI ] module help tests.[ Get-ITGlueBaseURI ]">
                    <results>
                      <test-case description="[ Get-ITGlueBaseURI ] contains comment based help" name="Testing the [ built ] version of [ ITGlueAPI ] with [ HelpComment.Tests.ps1 ].[ ITGlueAPI ] module help tests.[ Get-ITGlueBaseURI ].[ Get-ITGlueBaseURI ] contains comment based help" time="0.0023" asserts="0" success="True" result="Success" executed="True" />
                      <test-case description="[ Get-ITGlueBaseURI ] contains a synopsis" name="Testing the [ built ] version of [ ITGlueAPI ] with [ HelpComment.Tests.ps1 ].[ ITGlueAPI ] module help tests.[ Get-ITGlueBaseURI ].[ Get-ITGlueBaseURI ] contains a synopsis" time="0.002" asserts="0" success="True" result="Success" executed="True" />
                      <test-case description="[ Get-ITGlueBaseURI ] contains a description" name="Testing the [ built ] version of [ ITGlueAPI ] with [ HelpComment.Tests.ps1 ].[ ITGlueAPI ] module help tests.[ Get-ITGlueBaseURI ].[ Get-ITGlueBaseURI ] contains a description" time="0.002" asserts="0" success="True" result="Success" executed="True" />
                      <test-case description="[ Get-ITGlueBaseURI ] contains at least one usage example" name="Testing the [ built ] version of [ ITGlueAPI ] with [ HelpComment.Tests.ps1 ].[ ITGlueAPI ] module help tests.[ Get-ITGlueBaseURI ].[ Get-ITGlueBaseURI ] contains at least one usage example" time="0.0076" asserts="0" success="True" result="Success" executed="True" />
                      <test-case description="[ Get-ITGlueBaseURI ] contains a note" name="Testing the [ built ] version of [ ITGlueAPI ] with [ HelpComment.Tests.ps1 ].[ ITGlueAPI ] module help tests.[ Get-ITGlueBaseURI ].[ Get-ITGlueBaseURI ] contains a note" time="0.0021" asserts="0" success="True" result="Success" executed="True" />
                      <test-case description="[ Get-ITGlueBaseURI ] contains a link" name="Testing the [ built ] version of [ ITGlueAPI ] with [ HelpComment.Tests.ps1 ].[ ITGlueAPI ] module help tests.[ Get-ITGlueBaseURI ].[ Get-ITGlueBaseURI ] contains a link" time="0.0022" asserts="0" success="True" result="Success" executed="True" />
                      <test-case description="[ Get-ITGlueBaseURI ] - Parameter has a description -" name="Testing the [ built ] version of [ ITGlueAPI ] with [ HelpComment.Tests.ps1 ].[ ITGlueAPI ] module help tests.[ Get-ITGlueBaseURI ].[ Get-ITGlueBaseURI ] - Parameter has a description -" time="0.0051" asserts="0" success="False" result="Ignored" executed="False" />
                      <test-suite type="ParameterizedTest" name="Testing the [ built ] version of [ ITGlueAPI ] with [ HelpComment.Tests.ps1 ].[ ITGlueAPI ] module help tests.[ Get-ITGlueBaseURI ].[ Get-ITGlueBaseURI ] - Example has example code &amp; description   - [ &lt;_.title -replace '-'.''&gt; ]" executed="True" result="Success" success="True" time="0.0029" asserts="0" description="[ Get-ITGlueBaseURI ] - Example has example code &amp; description   - [ &lt;_.title -replace '-'.''&gt; ]">
                        <results>
                          <test-case description="[ Get-ITGlueBaseURI ] - Example has example code &amp; description   - [  EXAMPLE 1  ]" name="Testing the [ built ] version of [ ITGlueAPI ] with [ HelpComment.Tests.ps1 ].[ ITGlueAPI ] module help tests.[ Get-ITGlueBaseURI ].[ Get-ITGlueBaseURI ] - Example has example code &amp; description   - [  EXAMPLE 1  ]" time="0.0029" asserts="0" success="True" result="Success" executed="True" />
                        </results>
                      </test-suite>
                    </results>
                  </test-suite>
                </results>
              </test-suite>
              <test-suite type="TestFixture" name="Testing the [ built ] version of [ ITGlueAPI ] with [ HelpComment.Tests.ps1 ].[ ITGlueAPI ] module help tests" executed="True" result="Success" success="True" time="0.3843" asserts="0" description="Testing the [ built ] version of [ ITGlueAPI ] with [ HelpComment.Tests.ps1 ].[ ITGlueAPI ] module help tests">
                <results>
                  <test-suite type="TestFixture" name="Testing the [ built ] version of [ ITGlueAPI ] with [ HelpComment.Tests.ps1 ].[ ITGlueAPI ] module help tests.[ Get-ITGlueConfiguration ]" executed="True" result="Success" success="True" time="0.088" asserts="0" description="Testing the [ built ] version of [ ITGlueAPI ] with [ HelpComment.Tests.ps1 ].[ ITGlueAPI ] module help tests.[ Get-ITGlueConfiguration ]">
                    <results>
                      <test-case description="[ Get-ITGlueConfiguration ] contains comment based help" name="Testing the [ built ] version of [ ITGlueAPI ] with [ HelpComment.Tests.ps1 ].[ ITGlueAPI ] module help tests.[ Get-ITGlueConfiguration ].[ Get-ITGlueConfiguration ] contains comment based help" time="0.0024" asserts="0" success="True" result="Success" executed="True" />
                      <test-case description="[ Get-ITGlueConfiguration ] contains a synopsis" name="Testing the [ built ] version of [ ITGlueAPI ] with [ HelpComment.Tests.ps1 ].[ ITGlueAPI ] module help tests.[ Get-ITGlueConfiguration ].[ Get-ITGlueConfiguration ] contains a synopsis" time="0.0021" asserts="0" success="True" result="Success" executed="True" />
                      <test-case description="[ Get-ITGlueConfiguration ] contains a description" name="Testing the [ built ] version of [ ITGlueAPI ] with [ HelpComment.Tests.ps1 ].[ ITGlueAPI ] module help tests.[ Get-ITGlueConfiguration ].[ Get-ITGlueConfiguration ] contains a description" time="0.0076" asserts="0" success="True" result="Success" executed="True" />
                      <test-case description="[ Get-ITGlueConfiguration ] contains at least one usage example" name="Testing the [ built ] version of [ ITGlueAPI ] with [ HelpComment.Tests.ps1 ].[ ITGlueAPI ] module help tests.[ Get-ITGlueConfiguration ].[ Get-ITGlueConfiguration ] contains at least one usage example" time="0.0026" asserts="0" success="True" result="Success" executed="True" />
                      <test-case description="[ Get-ITGlueConfiguration ] contains a note" name="Testing the [ built ] version of [ ITGlueAPI ] with [ HelpComment.Tests.ps1 ].[ ITGlueAPI ] module help tests.[ Get-ITGlueConfiguration ].[ Get-ITGlueConfiguration ] contains a note" time="0.002" asserts="0" success="True" result="Success" executed="True" />
                      <test-case description="[ Get-ITGlueConfiguration ] contains a link" name="Testing the [ built ] version of [ ITGlueAPI ] with [ HelpComment.Tests.ps1 ].[ ITGlueAPI ] module help tests.[ Get-ITGlueConfiguration ].[ Get-ITGlueConfiguration ] contains a link" time="0.002" asserts="0" success="True" result="Success" executed="True" />
                      <test-suite type="ParameterizedTest" name="Testing the [ built ] version of [ ITGlueAPI ] with [ HelpComment.Tests.ps1 ].[ ITGlueAPI ] module help tests.[ Get-ITGlueConfiguration ].[ Get-ITGlueConfiguration ] - Parameter has a description - [ &lt;_.name&gt; ]" executed="True" result="Success" success="True" time="0.0556" asserts="0" description="[ Get-ITGlueConfiguration ] - Parameter has a description - [ &lt;_.name&gt; ]">
                        <results>
                          <test-case description="[ Get-ITGlueConfiguration ] - Parameter has a description - [ OrganizationID ]" name="Testing the [ built ] version of [ ITGlueAPI ] with [ HelpComment.Tests.ps1 ].[ ITGlueAPI ] module help tests.[ Get-ITGlueConfiguration ].[ Get-ITGlueConfiguration ] - Parameter has a description - [ OrganizationID ]" time="0.0022" asserts="0" success="True" result="Success" executed="True" />
                          <test-case description="[ Get-ITGlueConfiguration ] - Parameter has a description - [ ID ]" name="Testing the [ built ] version of [ ITGlueAPI ] with [ HelpComment.Tests.ps1 ].[ ITGlueAPI ] module help tests.[ Get-ITGlueConfiguration ].[ Get-ITGlueConfiguration ] - Parameter has a description - [ ID ]" time="0.0021" asserts="0" success="True" result="Success" executed="True" />
                          <test-case description="[ Get-ITGlueConfiguration ] - Parameter has a description - [ FilterID ]" name="Testing the [ built ] version of [ ITGlueAPI ] with [ HelpComment.Tests.ps1 ].[ ITGlueAPI ] module help tests.[ Get-ITGlueConfiguration ].[ Get-ITGlueConfiguration ] - Parameter has a description - [ FilterID ]" time="0.0021" asserts="0" success="True" result="Success" executed="True" />
                          <test-case description="[ Get-ITGlueConfiguration ] - Parameter has a description - [ FilterName ]" name="Testing the [ built ] version of [ ITGlueAPI ] with [ HelpComment.Tests.ps1 ].[ ITGlueAPI ] module help tests.[ Get-ITGlueConfiguration ].[ Get-ITGlueConfiguration ] - Parameter has a description - [ FilterName ]" time="0.0021" asserts="0" success="True" result="Success" executed="True" />
                          <test-case description="[ Get-ITGlueConfiguration ] - Parameter has a description - [ FilterOrganizationID ]" name="Testing the [ built ] version of [ ITGlueAPI ] with [ HelpComment.Tests.ps1 ].[ ITGlueAPI ] module help tests.[ Get-ITGlueConfiguration ].[ Get-ITGlueConfiguration ] - Parameter has a description - [ FilterOrganizationID ]" time="0.0021" asserts="0" success="True" result="Success" executed="True" />
                          <test-case description="[ Get-ITGlueConfiguration ] - Parameter has a description - [ FilterConfigurationTypeID ]" name="Testing the [ built ] version of [ ITGlueAPI ] with [ HelpComment.Tests.ps1 ].[ ITGlueAPI ] module help tests.[ Get-ITGlueConfiguration ].[ Get-ITGlueConfiguration ] - Parameter has a description - [ FilterConfigurationTypeID ]" time="0.0021" asserts="0" success="True" result="Success" executed="True" />
                          <test-case description="[ Get-ITGlueConfiguration ] - Parameter has a description - [ FilterConfigurationStatusID ]" name="Testing the [ built ] version of [ ITGlueAPI ] with [ HelpComment.Tests.ps1 ].[ ITGlueAPI ] module help tests.[ Get-ITGlueConfiguration ].[ Get-ITGlueConfiguration ] - Parameter has a description - [ FilterConfigurationStatusID ]" time="0.0021" asserts="0" success="True" result="Success" executed="True" />
                          <test-case description="[ Get-ITGlueConfiguration ] - Parameter has a description - [ FilterContactID ]" name="Testing the [ built ] version of [ ITGlueAPI ] with [ HelpComment.Tests.ps1 ].[ ITGlueAPI ] module help tests.[ Get-ITGlueConfiguration ].[ Get-ITGlueConfiguration ] - Parameter has a description - [ FilterContactID ]" time="0.0077" asserts="0" success="True" result="Success" executed="True" />
                          <test-case description="[ Get-ITGlueConfiguration ] - Parameter has a description - [ FilterSerialNumber ]" name="Testing the [ built ] version of [ ITGlueAPI ] with [ HelpComment.Tests.ps1 ].[ ITGlueAPI ] module help tests.[ Get-ITGlueConfiguration ].[ Get-ITGlueConfiguration ] - Parameter has a description - [ FilterSerialNumber ]" time="0.0024" asserts="0" success="True" result="Success" executed="True" />
                          <test-case description="[ Get-ITGlueConfiguration ] - Parameter has a description - [ FilterMacAddress ]" name="Testing the [ built ] version of [ ITGlueAPI ] with [ HelpComment.Tests.ps1 ].[ ITGlueAPI ] module help tests.[ Get-ITGlueConfiguration ].[ Get-ITGlueConfiguration ] - Parameter has a description - [ FilterMacAddress ]" time="0.0022" asserts="0" success="True" result="Success" executed="True" />
                          <test-case description="[ Get-ITGlueConfiguration ] - Parameter has a description - [ FilterAssetTag ]" name="Testing the [ built ] version of [ ITGlueAPI ] with [ HelpComment.Tests.ps1 ].[ ITGlueAPI ] module help tests.[ Get-ITGlueConfiguration ].[ Get-ITGlueConfiguration ] - Parameter has a description - [ FilterAssetTag ]" time="0.0021" asserts="0" success="True" result="Success" executed="True" />
                          <test-case description="[ Get-ITGlueConfiguration ] - Parameter has a description - [ FilterPsaID ]" name="Testing the [ built ] version of [ ITGlueAPI ] with [ HelpComment.Tests.ps1 ].[ ITGlueAPI ] module help tests.[ Get-ITGlueConfiguration ].[ Get-ITGlueConfiguration ] - Parameter has a description - [ FilterPsaID ]" time="0.0022" asserts="0" success="True" result="Success" executed="True" />
                          <test-case description="[ Get-ITGlueConfiguration ] - Parameter has a description - [ FilterPsaIntegrationType ]" name="Testing the [ built ] version of [ ITGlueAPI ] with [ HelpComment.Tests.ps1 ].[ ITGlueAPI ] module help tests.[ Get-ITGlueConfiguration ].[ Get-ITGlueConfiguration ] - Parameter has a description - [ FilterPsaIntegrationType ]" time="0.0021" asserts="0" success="True" result="Success" executed="True" />
                          <test-case description="[ Get-ITGlueConfiguration ] - Parameter has a description - [ FilterRmmID ]" name="Testing the [ built ] version of [ ITGlueAPI ] with [ HelpComment.Tests.ps1 ].[ ITGlueAPI ] module help tests.[ Get-ITGlueConfiguration ].[ Get-ITGlueConfiguration ] - Parameter has a description - [ FilterRmmID ]" time="0.0021" asserts="0" success="True" result="Success" executed="True" />
                          <test-case description="[ Get-ITGlueConfiguration ] - Parameter has a description - [ FilterRmmIntegrationType ]" name="Testing the [ built ] version of [ ITGlueAPI ] with [ HelpComment.Tests.ps1 ].[ ITGlueAPI ] module help tests.[ Get-ITGlueConfiguration ].[ Get-ITGlueConfiguration ] - Parameter has a description - [ FilterRmmIntegrationType ]" time="0.0021" asserts="0" success="True" result="Success" executed="True" />
                          <test-case description="[ Get-ITGlueConfiguration ] - Parameter has a description - [ FilterArchived ]" name="Testing the [ built ] version of [ ITGlueAPI ] with [ HelpComment.Tests.ps1 ].[ ITGlueAPI ] module help tests.[ Get-ITGlueConfiguration ].[ Get-ITGlueConfiguration ] - Parameter has a description - [ FilterArchived ]" time="0.0021" asserts="0" success="True" result="Success" executed="True" />
                          <test-case description="[ Get-ITGlueConfiguration ] - Parameter has a description - [ Sort ]" name="Testing the [ built ] version of [ ITGlueAPI ] with [ HelpComment.Tests.ps1 ].[ ITGlueAPI ] module help tests.[ Get-ITGlueConfiguration ].[ Get-ITGlueConfiguration ] - Parameter has a description - [ Sort ]" time="0.0021" asserts="0" success="True" result="Success" executed="True" />
                          <test-case description="[ Get-ITGlueConfiguration ] - Parameter has a description - [ PageNumber ]" name="Testing the [ built ] version of [ ITGlueAPI ] with [ HelpComment.Tests.ps1 ].[ ITGlueAPI ] module help tests.[ Get-ITGlueConfiguration ].[ Get-ITGlueConfiguration ] - Parameter has a description - [ PageNumber ]" time="0.0021" asserts="0" success="True" result="Success" executed="True" />
                          <test-case description="[ Get-ITGlueConfiguration ] - Parameter has a description - [ PageSize ]" name="Testing the [ built ] version of [ ITGlueAPI ] with [ HelpComment.Tests.ps1 ].[ ITGlueAPI ] module help tests.[ Get-ITGlueConfiguration ].[ Get-ITGlueConfiguration ] - Parameter has a description - [ PageSize ]" time="0.0021" asserts="0" success="True" result="Success" executed="True" />
                          <test-case description="[ Get-ITGlueConfiguration ] - Parameter has a description - [ Include ]" name="Testing the [ built ] version of [ ITGlueAPI ] with [ HelpComment.Tests.ps1 ].[ ITGlueAPI ] module help tests.[ Get-ITGlueConfiguration ].[ Get-ITGlueConfiguration ] - Parameter has a description - [ Include ]" time="0.0074" asserts="0" success="True" result="Success" executed="True" />
                          <test-case description="[ Get-ITGlueConfiguration ] - Parameter has a description - [ AllResults ]" name="Testing the [ built ] version of [ ITGlueAPI ] with [ HelpComment.Tests.ps1 ].[ ITGlueAPI ] module help tests.[ Get-ITGlueConfiguration ].[ Get-ITGlueConfiguration ] - Parameter has a description - [ AllResults ]" time="0.0021" asserts="0" success="True" result="Success" executed="True" />
                        </results>
                      </test-suite>
                      <test-suite type="ParameterizedTest" name="Testing the [ built ] version of [ ITGlueAPI ] with [ HelpComment.Tests.ps1 ].[ ITGlueAPI ] module help tests.[ Get-ITGlueConfiguration ].[ Get-ITGlueConfiguration ] - Example has example code &amp; description   - [ &lt;_.title -replace '-'.''&gt; ]" executed="True" result="Success" success="True" time="0.0079" asserts="0" description="[ Get-ITGlueConfiguration ] - Example has example code &amp; description   - [ &lt;_.title -replace '-'.''&gt; ]">
                        <results>
                          <test-case description="[ Get-ITGlueConfiguration ] - Example has example code &amp; description   - [  EXAMPLE 1  ]" name="Testing the [ built ] version of [ ITGlueAPI ] with [ HelpComment.Tests.ps1 ].[ ITGlueAPI ] module help tests.[ Get-ITGlueConfiguration ].[ Get-ITGlueConfiguration ] - Example has example code &amp; description   - [  EXAMPLE 1  ]" time="0.0026" asserts="0" success="True" result="Success" executed="True" />
                          <test-case description="[ Get-ITGlueConfiguration ] - Example has example code &amp; description   - [  EXAMPLE 2  ]" name="Testing the [ built ] version of [ ITGlueAPI ] with [ HelpComment.Tests.ps1 ].[ ITGlueAPI ] module help tests.[ Get-ITGlueConfiguration ].[ Get-ITGlueConfiguration ] - Example has example code &amp; description   - [  EXAMPLE 2  ]" time="0.0026" asserts="0" success="True" result="Success" executed="True" />
                          <test-case description="[ Get-ITGlueConfiguration ] - Example has example code &amp; description   - [  EXAMPLE 3  ]" name="Testing the [ built ] version of [ ITGlueAPI ] with [ HelpComment.Tests.ps1 ].[ ITGlueAPI ] module help tests.[ Get-ITGlueConfiguration ].[ Get-ITGlueConfiguration ] - Example has example code &amp; description   - [  EXAMPLE 3  ]" time="0.0027" asserts="0" success="True" result="Success" executed="True" />
                        </results>
                      </test-suite>
                    </results>
                  </test-suite>
                </results>
              </test-suite>
              <test-suite type="TestFixture" name="Testing the [ built ] version of [ ITGlueAPI ] with [ HelpComment.Tests.ps1 ].[ ITGlueAPI ] module help tests" executed="True" result="Success" success="True" time="0.4456" asserts="0" description="Testing the [ built ] version of [ ITGlueAPI ] with [ HelpComment.Tests.ps1 ].[ ITGlueAPI ] module help tests">
                <results>
                  <test-suite type="TestFixture" name="Testing the [ built ] version of [ ITGlueAPI ] with [ HelpComment.Tests.ps1 ].[ ITGlueAPI ] module help tests.[ Get-ITGlueConfigurationInterface ]" executed="True" result="Success" success="True" time="0.0576" asserts="0" description="Testing the [ built ] version of [ ITGlueAPI ] with [ HelpComment.Tests.ps1 ].[ ITGlueAPI ] module help tests.[ Get-ITGlueConfigurationInterface ]">
                    <results>
                      <test-case description="[ Get-ITGlueConfigurationInterface ] contains comment based help" name="Testing the [ built ] version of [ ITGlueAPI ] with [ HelpComment.Tests.ps1 ].[ ITGlueAPI ] module help tests.[ Get-ITGlueConfigurationInterface ].[ Get-ITGlueConfigurationInterface ] contains comment based help" time="0.0024" asserts="0" success="True" result="Success" executed="True" />
                      <test-case description="[ Get-ITGlueConfigurationInterface ] contains a synopsis" name="Testing the [ built ] version of [ ITGlueAPI ] with [ HelpComment.Tests.ps1 ].[ ITGlueAPI ] module help tests.[ Get-ITGlueConfigurationInterface ].[ Get-ITGlueConfigurationInterface ] contains a synopsis" time="0.0021" asserts="0" success="True" result="Success" executed="True" />
                      <test-case description="[ Get-ITGlueConfigurationInterface ] contains a description" name="Testing the [ built ] version of [ ITGlueAPI ] with [ HelpComment.Tests.ps1 ].[ ITGlueAPI ] module help tests.[ Get-ITGlueConfigurationInterface ].[ Get-ITGlueConfigurationInterface ] contains a description" time="0.0079" asserts="0" success="True" result="Success" executed="True" />
                      <test-case description="[ Get-ITGlueConfigurationInterface ] contains at least one usage example" name="Testing the [ built ] version of [ ITGlueAPI ] with [ HelpComment.Tests.ps1 ].[ ITGlueAPI ] module help tests.[ Get-ITGlueConfigurationInterface ].[ Get-ITGlueConfigurationInterface ] contains at least one usage example" time="0.0027" asserts="0" success="True" result="Success" executed="True" />
                      <test-case description="[ Get-ITGlueConfigurationInterface ] contains a note" name="Testing the [ built ] version of [ ITGlueAPI ] with [ HelpComment.Tests.ps1 ].[ ITGlueAPI ] module help tests.[ Get-ITGlueConfigurationInterface ].[ Get-ITGlueConfigurationInterface ] contains a note" time="0.002" asserts="0" success="True" result="Success" executed="True" />
                      <test-case description="[ Get-ITGlueConfigurationInterface ] contains a link" name="Testing the [ built ] version of [ ITGlueAPI ] with [ HelpComment.Tests.ps1 ].[ ITGlueAPI ] module help tests.[ Get-ITGlueConfigurationInterface ].[ Get-ITGlueConfigurationInterface ] contains a link" time="0.0021" asserts="0" success="True" result="Success" executed="True" />
                      <test-suite type="ParameterizedTest" name="Testing the [ built ] version of [ ITGlueAPI ] with [ HelpComment.Tests.ps1 ].[ ITGlueAPI ] module help tests.[ Get-ITGlueConfigurationInterface ].[ Get-ITGlueConfigurationInterface ] - Parameter has a description - [ &lt;_.name&gt; ]" executed="True" result="Success" success="True" time="0.0224" asserts="0" description="[ Get-ITGlueConfigurationInterface ] - Parameter has a description - [ &lt;_.name&gt; ]">
                        <results>
                          <test-case description="[ Get-ITGlueConfigurationInterface ] - Parameter has a description - [ ConfigurationID ]" name="Testing the [ built ] version of [ ITGlueAPI ] with [ HelpComment.Tests.ps1 ].[ ITGlueAPI ] module help tests.[ Get-ITGlueConfigurationInterface ].[ Get-ITGlueConfigurationInterface ] - Parameter has a description - [ ConfigurationID ]" time="0.0022" asserts="0" success="True" result="Success" executed="True" />
                          <test-case description="[ Get-ITGlueConfigurationInterface ] - Parameter has a description - [ ID ]" name="Testing the [ built ] version of [ ITGlueAPI ] with [ HelpComment.Tests.ps1 ].[ ITGlueAPI ] module help tests.[ Get-ITGlueConfigurationInterface ].[ Get-ITGlueConfigurationInterface ] - Parameter has a description - [ ID ]" time="0.0022" asserts="0" success="True" result="Success" executed="True" />
                          <test-case description="[ Get-ITGlueConfigurationInterface ] - Parameter has a description - [ FilterID ]" name="Testing the [ built ] version of [ ITGlueAPI ] with [ HelpComment.Tests.ps1 ].[ ITGlueAPI ] module help tests.[ Get-ITGlueConfigurationInterface ].[ Get-ITGlueConfigurationInterface ] - Parameter has a description - [ FilterID ]" time="0.0021" asserts="0" success="True" result="Success" executed="True" />
                          <test-case description="[ Get-ITGlueConfigurationInterface ] - Parameter has a description - [ FilterIPAddress ]" name="Testing the [ built ] version of [ ITGlueAPI ] with [ HelpComment.Tests.ps1 ].[ ITGlueAPI ] module help tests.[ Get-ITGlueConfigurationInterface ].[ Get-ITGlueConfigurationInterface ] - Parameter has a description - [ FilterIPAddress ]" time="0.0021" asserts="0" success="True" result="Success" executed="True" />
                          <test-case description="[ Get-ITGlueConfigurationInterface ] - Parameter has a description - [ Sort ]" name="Testing the [ built ] version of [ ITGlueAPI ] with [ HelpComment.Tests.ps1 ].[ ITGlueAPI ] module help tests.[ Get-ITGlueConfigurationInterface ].[ Get-ITGlueConfigurationInterface ] - Parameter has a description - [ Sort ]" time="0.0021" asserts="0" success="True" result="Success" executed="True" />
                          <test-case description="[ Get-ITGlueConfigurationInterface ] - Parameter has a description - [ PageNumber ]" name="Testing the [ built ] version of [ ITGlueAPI ] with [ HelpComment.Tests.ps1 ].[ ITGlueAPI ] module help tests.[ Get-ITGlueConfigurationInterface ].[ Get-ITGlueConfigurationInterface ] - Parameter has a description - [ PageNumber ]" time="0.0021" asserts="0" success="True" result="Success" executed="True" />
                          <test-case description="[ Get-ITGlueConfigurationInterface ] - Parameter has a description - [ PageSize ]" name="Testing the [ built ] version of [ ITGlueAPI ] with [ HelpComment.Tests.ps1 ].[ ITGlueAPI ] module help tests.[ Get-ITGlueConfigurationInterface ].[ Get-ITGlueConfigurationInterface ] - Parameter has a description - [ PageSize ]" time="0.0021" asserts="0" success="True" result="Success" executed="True" />
                          <test-case description="[ Get-ITGlueConfigurationInterface ] - Parameter has a description - [ AllResults ]" name="Testing the [ built ] version of [ ITGlueAPI ] with [ HelpComment.Tests.ps1 ].[ ITGlueAPI ] module help tests.[ Get-ITGlueConfigurationInterface ].[ Get-ITGlueConfigurationInterface ] - Parameter has a description - [ AllResults ]" time="0.0075" asserts="0" success="True" result="Success" executed="True" />
                        </results>
                      </test-suite>
                      <test-suite type="ParameterizedTest" name="Testing the [ built ] version of [ ITGlueAPI ] with [ HelpComment.Tests.ps1 ].[ ITGlueAPI ] module help tests.[ Get-ITGlueConfigurationInterface ].[ Get-ITGlueConfigurationInterface ] - Example has example code &amp; description   - [ &lt;_.title -replace '-'.''&gt; ]" executed="True" result="Success" success="True" time="0.0111" asserts="0" description="[ Get-ITGlueConfigurationInterface ] - Example has example code &amp; description   - [ &lt;_.title -replace '-'.''&gt; ]">
                        <results>
                          <test-case description="[ Get-ITGlueConfigurationInterface ] - Example has example code &amp; description   - [  EXAMPLE 1  ]" name="Testing the [ built ] version of [ ITGlueAPI ] with [ HelpComment.Tests.ps1 ].[ ITGlueAPI ] module help tests.[ Get-ITGlueConfigurationInterface ].[ Get-ITGlueConfigurationInterface ] - Example has example code &amp; description   - [  EXAMPLE 1  ]" time="0.0027" asserts="0" success="True" result="Success" executed="True" />
                          <test-case description="[ Get-ITGlueConfigurationInterface ] - Example has example code &amp; description   - [  EXAMPLE 2  ]" name="Testing the [ built ] version of [ ITGlueAPI ] with [ HelpComment.Tests.ps1 ].[ ITGlueAPI ] module help tests.[ Get-ITGlueConfigurationInterface ].[ Get-ITGlueConfigurationInterface ] - Example has example code &amp; description   - [  EXAMPLE 2  ]" time="0.0028" asserts="0" success="True" result="Success" executed="True" />
                          <test-case description="[ Get-ITGlueConfigurationInterface ] - Example has example code &amp; description   - [  EXAMPLE 3  ]" name="Testing the [ built ] version of [ ITGlueAPI ] with [ HelpComment.Tests.ps1 ].[ ITGlueAPI ] module help tests.[ Get-ITGlueConfigurationInterface ].[ Get-ITGlueConfigurationInterface ] - Example has example code &amp; description   - [  EXAMPLE 3  ]" time="0.0029" asserts="0" success="True" result="Success" executed="True" />
                          <test-case description="[ Get-ITGlueConfigurationInterface ] - Example has example code &amp; description   - [  EXAMPLE 4  ]" name="Testing the [ built ] version of [ ITGlueAPI ] with [ HelpComment.Tests.ps1 ].[ ITGlueAPI ] module help tests.[ Get-ITGlueConfigurationInterface ].[ Get-ITGlueConfigurationInterface ] - Example has example code &amp; description   - [  EXAMPLE 4  ]" time="0.0027" asserts="0" success="True" result="Success" executed="True" />
                        </results>
                      </test-suite>
                    </results>
                  </test-suite>
                </results>
              </test-suite>
              <test-suite type="TestFixture" name="Testing the [ built ] version of [ ITGlueAPI ] with [ HelpComment.Tests.ps1 ].[ ITGlueAPI ] module help tests" executed="True" result="Success" success="True" time="0.4993" asserts="0" description="Testing the [ built ] version of [ ITGlueAPI ] with [ HelpComment.Tests.ps1 ].[ ITGlueAPI ] module help tests">
                <results>
                  <test-suite type="TestFixture" name="Testing the [ built ] version of [ ITGlueAPI ] with [ HelpComment.Tests.ps1 ].[ ITGlueAPI ] module help tests.[ Get-ITGlueConfigurationStatus ]" executed="True" result="Success" success="True" time="0.0501" asserts="0" description="Testing the [ built ] version of [ ITGlueAPI ] with [ HelpComment.Tests.ps1 ].[ ITGlueAPI ] module help tests.[ Get-ITGlueConfigurationStatus ]">
                    <results>
                      <test-case description="[ Get-ITGlueConfigurationStatus ] contains comment based help" name="Testing the [ built ] version of [ ITGlueAPI ] with [ HelpComment.Tests.ps1 ].[ ITGlueAPI ] module help tests.[ Get-ITGlueConfigurationStatus ].[ Get-ITGlueConfigurationStatus ] contains comment based help" time="0.0023" asserts="0" success="True" result="Success" executed="True" />
                      <test-case description="[ Get-ITGlueConfigurationStatus ] contains a synopsis" name="Testing the [ built ] version of [ ITGlueAPI ] with [ HelpComment.Tests.ps1 ].[ ITGlueAPI ] module help tests.[ Get-ITGlueConfigurationStatus ].[ Get-ITGlueConfigurationStatus ] contains a synopsis" time="0.0021" asserts="0" success="True" result="Success" executed="True" />
                      <test-case description="[ Get-ITGlueConfigurationStatus ] contains a description" name="Testing the [ built ] version of [ ITGlueAPI ] with [ HelpComment.Tests.ps1 ].[ ITGlueAPI ] module help tests.[ Get-ITGlueConfigurationStatus ].[ Get-ITGlueConfigurationStatus ] contains a description" time="0.0075" asserts="0" success="True" result="Success" executed="True" />
                      <test-case description="[ Get-ITGlueConfigurationStatus ] contains at least one usage example" name="Testing the [ built ] version of [ ITGlueAPI ] with [ HelpComment.Tests.ps1 ].[ ITGlueAPI ] module help tests.[ Get-ITGlueConfigurationStatus ].[ Get-ITGlueConfigurationStatus ] contains at least one usage example" time="0.0026" asserts="0" success="True" result="Success" executed="True" />
                      <test-case description="[ Get-ITGlueConfigurationStatus ] contains a note" name="Testing the [ built ] version of [ ITGlueAPI ] with [ HelpComment.Tests.ps1 ].[ ITGlueAPI ] module help tests.[ Get-ITGlueConfigurationStatus ].[ Get-ITGlueConfigurationStatus ] contains a note" time="0.002" asserts="0" success="True" result="Success" executed="True" />
                      <test-case description="[ Get-ITGlueConfigurationStatus ] contains a link" name="Testing the [ built ] version of [ ITGlueAPI ] with [ HelpComment.Tests.ps1 ].[ ITGlueAPI ] module help tests.[ Get-ITGlueConfigurationStatus ].[ Get-ITGlueConfigurationStatus ] contains a link" time="0.002" asserts="0" success="True" result="Success" executed="True" />
                      <test-suite type="ParameterizedTest" name="Testing the [ built ] version of [ ITGlueAPI ] with [ HelpComment.Tests.ps1 ].[ ITGlueAPI ] module help tests.[ Get-ITGlueConfigurationStatus ].[ Get-ITGlueConfigurationStatus ] - Parameter has a description - [ &lt;_.name&gt; ]" executed="True" result="Success" success="True" time="0.0128" asserts="0" description="[ Get-ITGlueConfigurationStatus ] - Parameter has a description - [ &lt;_.name&gt; ]">
                        <results>
                          <test-case description="[ Get-ITGlueConfigurationStatus ] - Parameter has a description - [ FilterName ]" name="Testing the [ built ] version of [ ITGlueAPI ] with [ HelpComment.Tests.ps1 ].[ ITGlueAPI ] module help tests.[ Get-ITGlueConfigurationStatus ].[ Get-ITGlueConfigurationStatus ] - Parameter has a description - [ FilterName ]" time="0.0022" asserts="0" success="True" result="Success" executed="True" />
                          <test-case description="[ Get-ITGlueConfigurationStatus ] - Parameter has a description - [ Sort ]" name="Testing the [ built ] version of [ ITGlueAPI ] with [ HelpComment.Tests.ps1 ].[ ITGlueAPI ] module help tests.[ Get-ITGlueConfigurationStatus ].[ Get-ITGlueConfigurationStatus ] - Parameter has a description - [ Sort ]" time="0.0022" asserts="0" success="True" result="Success" executed="True" />
                          <test-case description="[ Get-ITGlueConfigurationStatus ] - Parameter has a description - [ PageNumber ]" name="Testing the [ built ] version of [ ITGlueAPI ] with [ HelpComment.Tests.ps1 ].[ ITGlueAPI ] module help tests.[ Get-ITGlueConfigurationStatus ].[ Get-ITGlueConfigurationStatus ] - Parameter has a description - [ PageNumber ]" time="0.0021" asserts="0" success="True" result="Success" executed="True" />
                          <test-case description="[ Get-ITGlueConfigurationStatus ] - Parameter has a description - [ PageSize ]" name="Testing the [ built ] version of [ ITGlueAPI ] with [ HelpComment.Tests.ps1 ].[ ITGlueAPI ] module help tests.[ Get-ITGlueConfigurationStatus ].[ Get-ITGlueConfigurationStatus ] - Parameter has a description - [ PageSize ]" time="0.0021" asserts="0" success="True" result="Success" executed="True" />
                          <test-case description="[ Get-ITGlueConfigurationStatus ] - Parameter has a description - [ ID ]" name="Testing the [ built ] version of [ ITGlueAPI ] with [ HelpComment.Tests.ps1 ].[ ITGlueAPI ] module help tests.[ Get-ITGlueConfigurationStatus ].[ Get-ITGlueConfigurationStatus ] - Parameter has a description - [ ID ]" time="0.0021" asserts="0" success="True" result="Success" executed="True" />
                          <test-case description="[ Get-ITGlueConfigurationStatus ] - Parameter has a description - [ AllResults ]" name="Testing the [ built ] version of [ ITGlueAPI ] with [ HelpComment.Tests.ps1 ].[ ITGlueAPI ] module help tests.[ Get-ITGlueConfigurationStatus ].[ Get-ITGlueConfigurationStatus ] - Parameter has a description - [ AllResults ]" time="0.0021" asserts="0" success="True" result="Success" executed="True" />
                        </results>
                      </test-suite>
                      <test-suite type="ParameterizedTest" name="Testing the [ built ] version of [ ITGlueAPI ] with [ HelpComment.Tests.ps1 ].[ ITGlueAPI ] module help tests.[ Get-ITGlueConfigurationStatus ].[ Get-ITGlueConfigurationStatus ] - Example has example code &amp; description   - [ &lt;_.title -replace '-'.''&gt; ]" executed="True" result="Success" success="True" time="0.0141" asserts="0" description="[ Get-ITGlueConfigurationStatus ] - Example has example code &amp; description   - [ &lt;_.title -replace '-'.''&gt; ]">
                        <results>
                          <test-case description="[ Get-ITGlueConfigurationStatus ] - Example has example code &amp; description   - [  EXAMPLE 1  ]" name="Testing the [ built ] version of [ ITGlueAPI ] with [ HelpComment.Tests.ps1 ].[ ITGlueAPI ] module help tests.[ Get-ITGlueConfigurationStatus ].[ Get-ITGlueConfigurationStatus ] - Example has example code &amp; description   - [  EXAMPLE 1  ]" time="0.0026" asserts="0" success="True" result="Success" executed="True" />
                          <test-case description="[ Get-ITGlueConfigurationStatus ] - Example has example code &amp; description   - [  EXAMPLE 2  ]" name="Testing the [ built ] version of [ ITGlueAPI ] with [ HelpComment.Tests.ps1 ].[ ITGlueAPI ] module help tests.[ Get-ITGlueConfigurationStatus ].[ Get-ITGlueConfigurationStatus ] - Example has example code &amp; description   - [  EXAMPLE 2  ]" time="0.0087" asserts="0" success="True" result="Success" executed="True" />
                          <test-case description="[ Get-ITGlueConfigurationStatus ] - Example has example code &amp; description   - [  EXAMPLE 3  ]" name="Testing the [ built ] version of [ ITGlueAPI ] with [ HelpComment.Tests.ps1 ].[ ITGlueAPI ] module help tests.[ Get-ITGlueConfigurationStatus ].[ Get-ITGlueConfigurationStatus ] - Example has example code &amp; description   - [  EXAMPLE 3  ]" time="0.0027" asserts="0" success="True" result="Success" executed="True" />
                        </results>
                      </test-suite>
                    </results>
                  </test-suite>
                </results>
              </test-suite>
              <test-suite type="TestFixture" name="Testing the [ built ] version of [ ITGlueAPI ] with [ HelpComment.Tests.ps1 ].[ ITGlueAPI ] module help tests" executed="True" result="Success" success="True" time="0.553" asserts="0" description="Testing the [ built ] version of [ ITGlueAPI ] with [ HelpComment.Tests.ps1 ].[ ITGlueAPI ] module help tests">
                <results>
                  <test-suite type="TestFixture" name="Testing the [ built ] version of [ ITGlueAPI ] with [ HelpComment.Tests.ps1 ].[ ITGlueAPI ] module help tests.[ Get-ITGlueConfigurationType ]" executed="True" result="Success" success="True" time="0.05" asserts="0" description="Testing the [ built ] version of [ ITGlueAPI ] with [ HelpComment.Tests.ps1 ].[ ITGlueAPI ] module help tests.[ Get-ITGlueConfigurationType ]">
                    <results>
                      <test-case description="[ Get-ITGlueConfigurationType ] contains comment based help" name="Testing the [ built ] version of [ ITGlueAPI ] with [ HelpComment.Tests.ps1 ].[ ITGlueAPI ] module help tests.[ Get-ITGlueConfigurationType ].[ Get-ITGlueConfigurationType ] contains comment based help" time="0.0024" asserts="0" success="True" result="Success" executed="True" />
                      <test-case description="[ Get-ITGlueConfigurationType ] contains a synopsis" name="Testing the [ built ] version of [ ITGlueAPI ] with [ HelpComment.Tests.ps1 ].[ ITGlueAPI ] module help tests.[ Get-ITGlueConfigurationType ].[ Get-ITGlueConfigurationType ] contains a synopsis" time="0.002" asserts="0" success="True" result="Success" executed="True" />
                      <test-case description="[ Get-ITGlueConfigurationType ] contains a description" name="Testing the [ built ] version of [ ITGlueAPI ] with [ HelpComment.Tests.ps1 ].[ ITGlueAPI ] module help tests.[ Get-ITGlueConfigurationType ].[ Get-ITGlueConfigurationType ] contains a description" time="0.002" asserts="0" success="True" result="Success" executed="True" />
                      <test-case description="[ Get-ITGlueConfigurationType ] contains at least one usage example" name="Testing the [ built ] version of [ ITGlueAPI ] with [ HelpComment.Tests.ps1 ].[ ITGlueAPI ] module help tests.[ Get-ITGlueConfigurationType ].[ Get-ITGlueConfigurationType ] contains at least one usage example" time="0.0026" asserts="0" success="True" result="Success" executed="True" />
                      <test-case description="[ Get-ITGlueConfigurationType ] contains a note" name="Testing the [ built ] version of [ ITGlueAPI ] with [ HelpComment.Tests.ps1 ].[ ITGlueAPI ] module help tests.[ Get-ITGlueConfigurationType ].[ Get-ITGlueConfigurationType ] contains a note" time="0.002" asserts="0" success="True" result="Success" executed="True" />
                      <test-case description="[ Get-ITGlueConfigurationType ] contains a link" name="Testing the [ built ] version of [ ITGlueAPI ] with [ HelpComment.Tests.ps1 ].[ ITGlueAPI ] module help tests.[ Get-ITGlueConfigurationType ].[ Get-ITGlueConfigurationType ] contains a link" time="0.0078" asserts="0" success="True" result="Success" executed="True" />
                      <test-suite type="ParameterizedTest" name="Testing the [ built ] version of [ ITGlueAPI ] with [ HelpComment.Tests.ps1 ].[ ITGlueAPI ] module help tests.[ Get-ITGlueConfigurationType ].[ Get-ITGlueConfigurationType ] - Parameter has a description - [ &lt;_.name&gt; ]" executed="True" result="Success" success="True" time="0.0129" asserts="0" description="[ Get-ITGlueConfigurationType ] - Parameter has a description - [ &lt;_.name&gt; ]">
                        <results>
                          <test-case description="[ Get-ITGlueConfigurationType ] - Parameter has a description - [ FilterName ]" name="Testing the [ built ] version of [ ITGlueAPI ] with [ HelpComment.Tests.ps1 ].[ ITGlueAPI ] module help tests.[ Get-ITGlueConfigurationType ].[ Get-ITGlueConfigurationType ] - Parameter has a description - [ FilterName ]" time="0.0023" asserts="0" success="True" result="Success" executed="True" />
                          <test-case description="[ Get-ITGlueConfigurationType ] - Parameter has a description - [ Sort ]" name="Testing the [ built ] version of [ ITGlueAPI ] with [ HelpComment.Tests.ps1 ].[ ITGlueAPI ] module help tests.[ Get-ITGlueConfigurationType ].[ Get-ITGlueConfigurationType ] - Parameter has a description - [ Sort ]" time="0.0021" asserts="0" success="True" result="Success" executed="True" />
                          <test-case description="[ Get-ITGlueConfigurationType ] - Parameter has a description - [ PageNumber ]" name="Testing the [ built ] version of [ ITGlueAPI ] with [ HelpComment.Tests.ps1 ].[ ITGlueAPI ] module help tests.[ Get-ITGlueConfigurationType ].[ Get-ITGlueConfigurationType ] - Parameter has a description - [ PageNumber ]" time="0.0021" asserts="0" success="True" result="Success" executed="True" />
                          <test-case description="[ Get-ITGlueConfigurationType ] - Parameter has a description - [ PageSize ]" name="Testing the [ built ] version of [ ITGlueAPI ] with [ HelpComment.Tests.ps1 ].[ ITGlueAPI ] module help tests.[ Get-ITGlueConfigurationType ].[ Get-ITGlueConfigurationType ] - Parameter has a description - [ PageSize ]" time="0.0021" asserts="0" success="True" result="Success" executed="True" />
                          <test-case description="[ Get-ITGlueConfigurationType ] - Parameter has a description - [ ID ]" name="Testing the [ built ] version of [ ITGlueAPI ] with [ HelpComment.Tests.ps1 ].[ ITGlueAPI ] module help tests.[ Get-ITGlueConfigurationType ].[ Get-ITGlueConfigurationType ] - Parameter has a description - [ ID ]" time="0.0021" asserts="0" success="True" result="Success" executed="True" />
                          <test-case description="[ Get-ITGlueConfigurationType ] - Parameter has a description - [ AllResults ]" name="Testing the [ built ] version of [ ITGlueAPI ] with [ HelpComment.Tests.ps1 ].[ ITGlueAPI ] module help tests.[ Get-ITGlueConfigurationType ].[ Get-ITGlueConfigurationType ] - Parameter has a description - [ AllResults ]" time="0.0021" asserts="0" success="True" result="Success" executed="True" />
                        </results>
                      </test-suite>
                      <test-suite type="ParameterizedTest" name="Testing the [ built ] version of [ ITGlueAPI ] with [ HelpComment.Tests.ps1 ].[ ITGlueAPI ] module help tests.[ Get-ITGlueConfigurationType ].[ Get-ITGlueConfigurationType ] - Example has example code &amp; description   - [ &lt;_.title -replace '-'.''&gt; ]" executed="True" result="Success" success="True" time="0.0083" asserts="0" description="[ Get-ITGlueConfigurationType ] - Example has example code &amp; description   - [ &lt;_.title -replace '-'.''&gt; ]">
                        <results>
                          <test-case description="[ Get-ITGlueConfigurationType ] - Example has example code &amp; description   - [  EXAMPLE 1  ]" name="Testing the [ built ] version of [ ITGlueAPI ] with [ HelpComment.Tests.ps1 ].[ ITGlueAPI ] module help tests.[ Get-ITGlueConfigurationType ].[ Get-ITGlueConfigurationType ] - Example has example code &amp; description   - [  EXAMPLE 1  ]" time="0.0026" asserts="0" success="True" result="Success" executed="True" />
                          <test-case description="[ Get-ITGlueConfigurationType ] - Example has example code &amp; description   - [  EXAMPLE 2  ]" name="Testing the [ built ] version of [ ITGlueAPI ] with [ HelpComment.Tests.ps1 ].[ ITGlueAPI ] module help tests.[ Get-ITGlueConfigurationType ].[ Get-ITGlueConfigurationType ] - Example has example code &amp; description   - [  EXAMPLE 2  ]" time="0.003" asserts="0" success="True" result="Success" executed="True" />
                          <test-case description="[ Get-ITGlueConfigurationType ] - Example has example code &amp; description   - [  EXAMPLE 3  ]" name="Testing the [ built ] version of [ ITGlueAPI ] with [ HelpComment.Tests.ps1 ].[ ITGlueAPI ] module help tests.[ Get-ITGlueConfigurationType ].[ Get-ITGlueConfigurationType ] - Example has example code &amp; description   - [  EXAMPLE 3  ]" time="0.0027" asserts="0" success="True" result="Success" executed="True" />
                        </results>
                      </test-suite>
                    </results>
                  </test-suite>
                </results>
              </test-suite>
              <test-suite type="TestFixture" name="Testing the [ built ] version of [ ITGlueAPI ] with [ HelpComment.Tests.ps1 ].[ ITGlueAPI ] module help tests" executed="True" result="Success" success="True" time="0.6384" asserts="0" description="Testing the [ built ] version of [ ITGlueAPI ] with [ HelpComment.Tests.ps1 ].[ ITGlueAPI ] module help tests">
                <results>
                  <test-suite type="TestFixture" name="Testing the [ built ] version of [ ITGlueAPI ] with [ HelpComment.Tests.ps1 ].[ ITGlueAPI ] module help tests.[ Get-ITGlueContact ]" executed="True" result="Success" success="True" time="0.0817" asserts="0" description="Testing the [ built ] version of [ ITGlueAPI ] with [ HelpComment.Tests.ps1 ].[ ITGlueAPI ] module help tests.[ Get-ITGlueContact ]">
                    <results>
                      <test-case description="[ Get-ITGlueContact ] contains comment based help" name="Testing the [ built ] version of [ ITGlueAPI ] with [ HelpComment.Tests.ps1 ].[ ITGlueAPI ] module help tests.[ Get-ITGlueContact ].[ Get-ITGlueContact ] contains comment based help" time="0.0024" asserts="0" success="True" result="Success" executed="True" />
                      <test-case description="[ Get-ITGlueContact ] contains a synopsis" name="Testing the [ built ] version of [ ITGlueAPI ] with [ HelpComment.Tests.ps1 ].[ ITGlueAPI ] module help tests.[ Get-ITGlueContact ].[ Get-ITGlueContact ] contains a synopsis" time="0.0021" asserts="0" success="True" result="Success" executed="True" />
                      <test-case description="[ Get-ITGlueContact ] contains a description" name="Testing the [ built ] version of [ ITGlueAPI ] with [ HelpComment.Tests.ps1 ].[ ITGlueAPI ] module help tests.[ Get-ITGlueContact ].[ Get-ITGlueContact ] contains a description" time="0.002" asserts="0" success="True" result="Success" executed="True" />
                      <test-case description="[ Get-ITGlueContact ] contains at least one usage example" name="Testing the [ built ] version of [ ITGlueAPI ] with [ HelpComment.Tests.ps1 ].[ ITGlueAPI ] module help tests.[ Get-ITGlueContact ].[ Get-ITGlueContact ] contains at least one usage example" time="0.0025" asserts="0" success="True" result="Success" executed="True" />
[...]
                  <test-case description="Without parameters should return the default URI" name="Testing [ Add-ITGlueBaseURI ] functions with [ Add-ITGlueBaseURI.Tests.ps1 ].[ Add-ITGlueBaseURI ] testing functions.Without parameters should return the default URI" time="0.003" asserts="0" success="True" result="Success" executed="True" />
                  <test-case description="Should accept a value from the pipeline" name="Testing [ Add-ITGlueBaseURI ] functions with [ Add-ITGlueBaseURI.Tests.ps1 ].[ Add-ITGlueBaseURI ] testing functions.Should accept a value from the pipeline" time="0.0027" asserts="0" success="True" result="Success" executed="True" />
                  <test-case description="With parameter -BaseUri  should return what was inputted" name="Testing [ Add-ITGlueBaseURI ] functions with [ Add-ITGlueBaseURI.Tests.ps1 ].[ Add-ITGlueBaseURI ] testing functions.With parameter -BaseUri  should return what was inputted" time="0.0027" asserts="0" success="True" result="Success" executed="True" />
                  <test-case description="With parameter -DataCenter US should return the default URI" name="Testing [ Add-ITGlueBaseURI ] functions with [ Add-ITGlueBaseURI.Tests.ps1 ].[ Add-ITGlueBaseURI ] testing functions.With parameter -DataCenter US should return the default URI" time="0.0024" asserts="0" success="True" result="Success" executed="True" />
                  <test-case description="With parameter -DataCenter EU should return the default URI" name="Testing [ Add-ITGlueBaseURI ] functions with [ Add-ITGlueBaseURI.Tests.ps1 ].[ Add-ITGlueBaseURI ] testing functions.With parameter -DataCenter EU should return the default URI" time="0.0024" asserts="0" success="True" result="Success" executed="True" />
                  <test-case description="With parameter -DataCenter AU should return the default URI" name="Testing [ Add-ITGlueBaseURI ] functions with [ Add-ITGlueBaseURI.Tests.ps1 ].[ Add-ITGlueBaseURI ] testing functions.With parameter -DataCenter AU should return the default URI" time="0.0024" asserts="0" success="True" result="Success" executed="True" />
                  <test-case description="With invalid parameter value -DataCenter Space should return an error" name="Testing [ Add-ITGlueBaseURI ] functions with [ Add-ITGlueBaseURI.Tests.ps1 ].[ Add-ITGlueBaseURI ] testing functions.With invalid parameter value -DataCenter Space should return an error" time="0.0035" asserts="0" success="True" result="Success" executed="True" />
                  <test-case description="The default URI should NOT contain a trailing forward slash" name="Testing [ Add-ITGlueBaseURI ] functions with [ Add-ITGlueBaseURI.Tests.ps1 ].[ Add-ITGlueBaseURI ] testing functions.The default URI should NOT contain a trailing forward slash" time="0.0025" asserts="0" success="True" result="Success" executed="True" />
                  <test-case description="A custom URI should NOT contain a trailing forward slash" name="Testing [ Add-ITGlueBaseURI ] functions with [ Add-ITGlueBaseURI.Tests.ps1 ].[ Add-ITGlueBaseURI ] testing functions.A custom URI should NOT contain a trailing forward slash" time="0.0024" asserts="0" success="True" result="Success" executed="True" />
                </results>
              </test-suite>
            </results>
          </test-suite>
        </results>
      </test-suite>
      <test-suite type="TestFixture" name="C:\Celerium\Projects\_API\ITGlue-PowerShellWrapper\tests\Private\baseUri\Get-ITGlueBaseURI.Tests.ps1" executed="True" result="Success" success="True" time="0.0797" asserts="0" description="C:\Celerium\Projects\_API\ITGlue-PowerShellWrapper\tests\Private\baseUri\Get-ITGlueBaseURI.Tests.ps1">
        <results>
          <test-suite type="TestFixture" name="Testing [ Get-ITGlueBaseURI ] function with [ Get-ITGlueBaseURI.Tests.ps1 ]" executed="True" result="Success" success="True" time="0.0327" asserts="0" description="Testing [ Get-ITGlueBaseURI ] function with [ Get-ITGlueBaseURI.Tests.ps1 ]">
            <results>
              <test-suite type="TestFixture" name="Testing [ Get-ITGlueBaseURI ] function with [ Get-ITGlueBaseURI.Tests.ps1 ].[ Get-ITGlueBaseURI ] testing function" executed="True" result="Success" success="True" time="0.0287" asserts="0" description="Testing [ Get-ITGlueBaseURI ] function with [ Get-ITGlueBaseURI.Tests.ps1 ].[ Get-ITGlueBaseURI ] testing function">
                <results>
                  <test-case description="The default URI should be returned" name="Testing [ Get-ITGlueBaseURI ] function with [ Get-ITGlueBaseURI.Tests.ps1 ].[ Get-ITGlueBaseURI ] testing function.The default URI should be returned" time="0.0031" asserts="0" success="True" result="Success" executed="True" />
                  <test-case description="The URI should be a string" name="Testing [ Get-ITGlueBaseURI ] function with [ Get-ITGlueBaseURI.Tests.ps1 ].[ Get-ITGlueBaseURI ] testing function.The URI should be a string" time="0.0032" asserts="0" success="True" result="Success" executed="True" />
                  <test-case description="The default URI should NOT contain a trailing forward slash" name="Testing [ Get-ITGlueBaseURI ] function with [ Get-ITGlueBaseURI.Tests.ps1 ].[ Get-ITGlueBaseURI ] testing function.The default URI should NOT contain a trailing forward slash" time="0.0023" asserts="0" success="True" result="Success" executed="True" />
                  <test-case description="A custom URI should NOT contain a trailing forward slash" name="Testing [ Get-ITGlueBaseURI ] function with [ Get-ITGlueBaseURI.Tests.ps1 ].[ Get-ITGlueBaseURI ] testing function.A custom URI should NOT contain a trailing forward slash" time="0.0022" asserts="0" success="True" result="Success" executed="True" />
                  <test-case description="If the baseUri is not set a warning should be thrown" name="Testing [ Get-ITGlueBaseURI ] function with [ Get-ITGlueBaseURI.Tests.ps1 ].[ Get-ITGlueBaseURI ] testing function.If the baseUri is not set a warning should be thrown" time="0.0139" asserts="0" success="True" result="Success" executed="True" />
                </results>
              </test-suite>
            </results>
          </test-suite>
        </results>
      </test-suite>
      <test-suite type="TestFixture" name="C:\Celerium\Projects\_API\ITGlue-PowerShellWrapper\tests\Private\baseUri\Remove-ITGlueBaseURI.Tests.ps1" executed="True" result="Success" success="True" time="0.12" asserts="0" description="C:\Celerium\Projects\_API\ITGlue-PowerShellWrapper\tests\Private\baseUri\Remove-ITGlueBaseURI.Tests.ps1">
        <results>
          <test-suite type="TestFixture" name="Testing [ Remove-ITGlueBaseURI ] function with [ Remove-ITGlueBaseURI.Tests.ps1 ]" executed="True" result="Success" success="True" time="0.0183" asserts="0" description="Testing [ Remove-ITGlueBaseURI ] function with [ Remove-ITGlueBaseURI.Tests.ps1 ]">
            <results>
              <test-suite type="TestFixture" name="Testing [ Remove-ITGlueBaseURI ] function with [ Remove-ITGlueBaseURI.Tests.ps1 ].[ Remove-ITGlueBaseURI ] testing function" executed="True" result="Success" success="True" time="0.0144" asserts="0" description="Testing [ Remove-ITGlueBaseURI ] function with [ Remove-ITGlueBaseURI.Tests.ps1 ].[ Remove-ITGlueBaseURI ] testing function">
                <results>
                  <test-case description="The baseUri variable should not longer exist" name="Testing [ Remove-ITGlueBaseURI ] function with [ Remove-ITGlueBaseURI.Tests.ps1 ].[ Remove-ITGlueBaseURI ] testing function.The baseUri variable should not longer exist" time="0.0031" asserts="0" success="True" result="Success" executed="True" />
                  <test-case description="If the baseUri is already gone a warning should be thrown" name="Testing [ Remove-ITGlueBaseURI ] function with [ Remove-ITGlueBaseURI.Tests.ps1 ].[ Remove-ITGlueBaseURI ] testing function.If the baseUri is already gone a warning should be thrown" time="0.0026" asserts="0" success="True" result="Success" executed="True" />
                </results>
              </test-suite>
            </results>
          </test-suite>
        </results>
      </test-suite>
      <test-suite type="TestFixture" name="C:\Celerium\Projects\_API\ITGlue-PowerShellWrapper\tests\Private\moduleSettings\Export-ITGlueModuleSettings.Tests.ps1" executed="True" result="Success" success="True" time="0.1178" asserts="0" description="C:\Celerium\Projects\_API\ITGlue-PowerShellWrapper\tests\Private\moduleSettings\Export-ITGlueModuleSettings.Tests.ps1">
        <results>
          <test-suite type="TestFixture" name="Testing [ Export-ITGlueModuleSettings ] function with [ Export-ITGlueModuleSettings.Tests.ps1 ]" executed="True" result="Success" success="True" time="0.059" asserts="0" description="Testing [ Export-ITGlueModuleSettings ] function with [ Export-ITGlueModuleSettings.Tests.ps1 ]">
            <results>
              <test-suite type="TestFixture" name="Testing [ Export-ITGlueModuleSettings ] function with [ Export-ITGlueModuleSettings.Tests.ps1 ].[ Export-ITGlueModuleSettings ] testing function" executed="True" result="Success" success="True" time="0.0553" asserts="0" description="Testing [ Export-ITGlueModuleSettings ] function with [ Export-ITGlueModuleSettings.Tests.ps1 ].[ Export-ITGlueModuleSettings ] testing function">
                <results>
                  <test-case description="Should export successfully" name="Testing [ Export-ITGlueModuleSettings ] function with [ Export-ITGlueModuleSettings.Tests.ps1 ].[ Export-ITGlueModuleSettings ] testing function.Should export successfully" time="0.0054" asserts="0" success="True" result="Success" executed="True" />
                  <test-case description="Configuration directory should be hidden" name="Testing [ Export-ITGlueModuleSettings ] function with [ Export-ITGlueModuleSettings.Tests.ps1 ].[ Export-ITGlueModuleSettings ] testing function.Configuration directory should be hidden" time="0.009" asserts="0" success="True" result="Success" executed="True" />
                  <test-case description="Configuration file should contain required values" name="Testing [ Export-ITGlueModuleSettings ] function with [ Export-ITGlueModuleSettings.Tests.ps1 ].[ Export-ITGlueModuleSettings ] testing function.Configuration file should contain required values" time="0.0316" asserts="0" success="True" result="Success" executed="True" />
                </results>
              </test-suite>
            </results>
          </test-suite>
        </results>
      </test-suite>
      <test-suite type="TestFixture" name="C:\Celerium\Projects\_API\ITGlue-PowerShellWrapper\tests\Private\moduleSettings\Get-ITGlueModuleSettings.Tests.ps1" executed="True" result="Success" success="True" time="0.1719" asserts="0" description="C:\Celerium\Projects\_API\ITGlue-PowerShellWrapper\tests\Private\moduleSettings\Get-ITGlueModuleSettings.Tests.ps1">
        <results>
          <test-suite type="TestFixture" name="Testing [ Get-ITGlueModuleSettings ] function with [ Get-ITGlueModuleSettings.Tests.ps1 ]" executed="True" result="Success" success="True" time="0.0479" asserts="0" description="Testing [ Get-ITGlueModuleSettings ] function with [ Get-ITGlueModuleSettings.Tests.ps1 ]">
            <results>
              <test-suite type="TestFixture" name="Testing [ Get-ITGlueModuleSettings ] function with [ Get-ITGlueModuleSettings.Tests.ps1 ].[ Get-ITGlueModuleSettings ] testing function" executed="True" result="Success" success="True" time="0.0441" asserts="0" description="Testing [ Get-ITGlueModuleSettings ] function with [ Get-ITGlueModuleSettings.Tests.ps1 ].[ Get-ITGlueModuleSettings ] testing function">
                <results>
                  <test-case description="Configuration directory should be hidden" name="Testing [ Get-ITGlueModuleSettings ] function with [ Get-ITGlueModuleSettings.Tests.ps1 ].[ Get-ITGlueModuleSettings ] testing function.Configuration directory should be hidden" time="0.0061" asserts="0" success="True" result="Success" executed="True" />
                  <test-case description="Configuration file should contain required values" name="Testing [ Get-ITGlueModuleSettings ] function with [ Get-ITGlueModuleSettings.Tests.ps1 ].[ Get-ITGlueModuleSettings ] testing function.Configuration file should contain required values" time="0.0341" asserts="0" success="True" result="Success" executed="True" />
                </results>
              </test-suite>
            </results>
          </test-suite>
        </results>
      </test-suite>
      <test-suite type="TestFixture" name="C:\Celerium\Projects\_API\ITGlue-PowerShellWrapper\tests\Private\moduleSettings\Import-ITGlueModuleSettings.Tests.ps1" executed="True" result="Success" success="True" time="0.1378" asserts="0" description="C:\Celerium\Projects\_API\ITGlue-PowerShellWrapper\tests\Private\moduleSettings\Import-ITGlueModuleSettings.Tests.ps1">
        <results>
          <test-suite type="TestFixture" name="Testing [ Import-ITGlueModuleSettings ] function with [ Import-ITGlueModuleSettings.Tests.ps1 ]" executed="True" result="Success" success="True" time="0.0866" asserts="0" description="Testing [ Import-ITGlueModuleSettings ] function with [ Import-ITGlueModuleSettings.Tests.ps1 ]">
            <results>
              <test-suite type="TestFixture" name="Testing [ Import-ITGlueModuleSettings ] function with [ Import-ITGlueModuleSettings.Tests.ps1 ].[ Import-ITGlueModuleSettings ] testing function" executed="True" result="Success" success="True" time="0.0745" asserts="0" description="Testing [ Import-ITGlueModuleSettings ] function with [ Import-ITGlueModuleSettings.Tests.ps1 ].[ Import-ITGlueModuleSettings ] testing function">
                <results>
                  <test-case description="No configuration should populate baseline variables" name="Testing [ Import-ITGlueModuleSettings ] function with [ Import-ITGlueModuleSettings.Tests.ps1 ].[ Import-ITGlueModuleSettings ] testing function.No configuration should populate baseline variables" time="0.0057" asserts="0" success="True" result="Success" executed="True" />
                  <test-case description="Saved configuration session should contain required variables" name="Testing [ Import-ITGlueModuleSettings ] function with [ Import-ITGlueModuleSettings.Tests.ps1 ].[ Import-ITGlueModuleSettings ] testing function.Saved configuration session should contain required variables" time="0.0305" asserts="0" success="True" result="Success" executed="True" />
                  <test-case description="Saved configuration session should NOT contain temp variables" name="Testing [ Import-ITGlueModuleSettings ] function with [ Import-ITGlueModuleSettings.Tests.ps1 ].[ Import-ITGlueModuleSettings ] testing function.Saved configuration session should NOT contain temp variables" time="0.0342" asserts="0" success="True" result="Success" executed="True" />
                </results>
              </test-suite>
            </results>
          </test-suite>
        </results>
      </test-suite>
      <test-suite type="TestFixture" name="C:\Celerium\Projects\_API\ITGlue-PowerShellWrapper\tests\Private\moduleSettings\Initialize-ITGlueModuleSettings.Tests.ps1" executed="True" result="Success" success="True" time="0.1279" asserts="0" description="C:\Celerium\Projects\_API\ITGlue-PowerShellWrapper\tests\Private\moduleSettings\Initialize-ITGlueModuleSettings.Tests.ps1">
        <results>
          <test-suite type="TestFixture" name="Testing [ Initialize-ITGlueModuleSettings ] function with [ Initialize-ITGlueModuleSettings.Tests.ps1 ]" executed="True" result="Success" success="True" time="0.0752" asserts="0" description="Testing [ Initialize-ITGlueModuleSettings ] function with [ Initialize-ITGlueModuleSettings.Tests.ps1 ]">
            <results>
              <test-suite type="TestFixture" name="Testing [ Initialize-ITGlueModuleSettings ] function with [ Initialize-ITGlueModuleSettings.Tests.ps1 ].[ Initialize-ITGlueModuleSettings ] testing function" executed="True" result="Success" success="True" time="0.0713" asserts="0" description="Testing [ Initialize-ITGlueModuleSettings ] function with [ Initialize-ITGlueModuleSettings.Tests.ps1 ].[ Initialize-ITGlueModuleSettings ] testing function">
                <results>
                  <test-case description="When imported WITHOUT a saved configuration baseline variables should exist" name="Testing [ Initialize-ITGlueModuleSettings ] function with [ Initialize-ITGlueModuleSettings.Tests.ps1 ].[ Initialize-ITGlueModuleSettings ] testing function.When imported WITHOUT a saved configuration baseline variables should exist" time="0.0227" asserts="0" success="True" result="Success" executed="True" />
                  <test-case description="When imported WITh a saved configuration baseline variables should exist" name="Testing [ Initialize-ITGlueModuleSettings ] function with [ Initialize-ITGlueModuleSettings.Tests.ps1 ].[ Initialize-ITGlueModuleSettings ] testing function.When imported WITh a saved configuration baseline variables should exist" time="0.0376" asserts="0" success="True" result="Success" executed="True" />
                </results>
              </test-suite>
            </results>
          </test-suite>
        </results>
      </test-suite>
      <test-suite type="TestFixture" name="C:\Celerium\Projects\_API\ITGlue-PowerShellWrapper\tests\Private\moduleSettings\Remove-ITGlueModuleSettings.Tests.ps1" executed="True" result="Success" success="True" time="0.0819" asserts="0" description="C:\Celerium\Projects\_API\ITGlue-PowerShellWrapper\tests\Private\moduleSettings\Remove-ITGlueModuleSettings.Tests.ps1">
        <results>
          <test-suite type="TestFixture" name="Testing [ Remove-ITGlueModuleSettings ] function with [ Remove-ITGlueModuleSettings.Tests.ps1 ]" executed="True" result="Success" success="True" time="0.0282" asserts="0" description="Testing [ Remove-ITGlueModuleSettings ] function with [ Remove-ITGlueModuleSettings.Tests.ps1 ]">
            <results>
              <test-suite type="TestFixture" name="Testing [ Remove-ITGlueModuleSettings ] function with [ Remove-ITGlueModuleSettings.Tests.ps1 ].[ Remove-ITGlueModuleSettings ] testing function" executed="True" result="Success" success="True" time="0.0243" asserts="0" description="Testing [ Remove-ITGlueModuleSettings ] function with [ Remove-ITGlueModuleSettings.Tests.ps1 ].[ Remove-ITGlueModuleSettings ] testing function">
                <results>
                  <test-case description="No configuration should throw a warning" name="Testing [ Remove-ITGlueModuleSettings ] function with [ Remove-ITGlueModuleSettings.Tests.ps1 ].[ Remove-ITGlueModuleSettings ] testing function.No configuration should throw a warning" time="0.003" asserts="0" success="True" result="Success" executed="True" />
                  <test-case description="Saved configuration should be removed" name="Testing [ Remove-ITGlueModuleSettings ] function with [ Remove-ITGlueModuleSettings.Tests.ps1 ].[ Remove-ITGlueModuleSettings ] testing function.Saved configuration should be removed" time="0.0084" asserts="0" success="True" result="Success" executed="True" />
                  <test-case description="Saved configuration &amp; variables should be removed" name="Testing [ Remove-ITGlueModuleSettings ] function with [ Remove-ITGlueModuleSettings.Tests.ps1 ].[ Remove-ITGlueModuleSettings ] testing function.Saved configuration &amp; variables should be removed" time="0.009" asserts="0" success="True" result="Success" executed="True" />
                </results>
              </test-suite>
            </results>
          </test-suite>
        </results>
      </test-suite>
    </results>
  </test-suite>
</test-results>